\BOOKMARK [1][]{Doc-Start}{\376\377\000P\000r\000e\000f\000a\000c\000e}{}% 1
\BOOKMARK [0][]{chapter*.1}{\376\377\000A\000b\000s\000t\000r\000a\000c\000t}{}% 2
\BOOKMARK [1][]{section*.2}{\376\377\000A\000c\000k\000n\000o\000w\000l\000e\000d\000g\000e\000m\000e\000n\000t\000s}{chapter*.1}% 3
\BOOKMARK [0][]{chapter.0.1}{\376\377\0001\000\040\000I\000n\000t\000r\000o\000d\000u\000c\000t\000i\000o\000n}{}% 4
\BOOKMARK [1][]{section.0.1.1}{\376\377\0001\000.\0001\000\040\000T\000h\000i\000n\000-\000f\000i\000l\000m\000\040\000s\000o\000l\000a\000r\000\040\000c\000e\000l\000l\000s\000\040\000a\000n\000d\000\040\000l\000i\000g\000h\000t\000-\000t\000r\000a\000p\000p\000i\000n\000g\000\040\000l\000a\000y\000e\000r\000s}{chapter.0.1}% 5
\BOOKMARK [1][]{section.0.1.2}{\376\377\0001\000.\0002\000\040\000F\000o\000u\000r\000i\000e\000r\000\040\000p\000a\000t\000t\000e\000r\000n\000e\000d\000\040\000l\000i\000g\000h\000t\000-\000t\000r\000a\000p\000p\000i\000n\000g\000\040\000l\000a\000y\000e\000r\000s}{chapter.0.1}% 6
\BOOKMARK [1][]{section.0.1.3}{\376\377\0001\000.\0003\000\040\000T\000o\000p\000o\000l\000o\000g\000y\000\040\000o\000p\000t\000i\000m\000i\000z\000a\000t\000i\000o\000n\000,\000\040\000i\000n\000v\000e\000r\000s\000e\000\040\000d\000e\000s\000i\000g\000n\000\040\000a\000n\000d\000\040\000m\000a\000c\000h\000i\000n\000e\000\040\000l\000e\000a\000r\000n\000i\000n\000g}{chapter.0.1}% 7
\BOOKMARK [0][]{chapter.0.2}{\376\377\0002\000\040\000T\000h\000e\000o\000r\000y}{}% 8
\BOOKMARK [1][]{section.0.2.1}{\376\377\0002\000.\0001\000\040\000T\000h\000i\000n\000-\000F\000i\000l\000m\000\040\000S\000o\000l\000a\000r\000\040\000C\000e\000l\000l\000s}{chapter.0.2}% 9
\BOOKMARK [1][]{section.0.2.2}{\376\377\0002\000.\0002\000\040\000F\000a\000b\000r\000y\000-\000P\000e\000r\000o\000t\000\040\000I\000n\000t\000e\000r\000f\000e\000r\000o\000m\000e\000t\000e\000r\000s}{chapter.0.2}% 10
\BOOKMARK [1][]{section.0.2.3}{\376\377\0002\000.\0003\000\040\000R\000i\000g\000o\000r\000o\000u\000s\000\040\000C\000o\000u\000p\000l\000e\000d\000\040\000W\000a\000v\000e\000\040\000A\000n\000a\000l\000y\000s\000i\000s}{chapter.0.2}% 11
\BOOKMARK [1][]{section.0.2.4}{\376\377\0002\000.\0004\000\040\000F\000i\000n\000i\000t\000e\000\040\000E\000l\000e\000m\000e\000n\000t\000\040\000M\000e\000t\000h\000o\000d}{chapter.0.2}% 12
\BOOKMARK [1][]{section.0.2.5}{\376\377\0002\000.\0005\000\040\000T\000h\000e\000\040\000A\000d\000j\000o\000i\000n\000t\000\040\000M\000e\000t\000h\000o\000d}{chapter.0.2}% 13
\BOOKMARK [1][]{section.0.2.6}{\376\377\0002\000.\0006\000\040\000M\000a\000c\000h\000i\000n\000e\000\040\000l\000e\000a\000r\000n\000i\000n\000g\000\040\000m\000o\000d\000e\000l\000s\000\040\000f\000o\000r\000\040\000p\000r\000e\000d\000i\000c\000t\000i\000n\000g\000\040\000a\000b\000s\000o\000r\000p\000t\000a\000n\000c\000e\000\040\000c\000u\000r\000v\000e\000s\000.}{chapter.0.2}% 14
\BOOKMARK [0][]{chapter.0.3}{\376\377\0003\000\040\000M\000e\000t\000h\000o\000d\000s}{}% 15
\BOOKMARK [1][]{section.0.3.1}{\376\377\0003\000.\0001\000\040\000N\000u\000m\000e\000r\000i\000c\000a\000l\000\040\000i\000m\000p\000l\000e\000m\000e\000n\000t\000a\000t\000i\000o\000n}{chapter.0.3}% 16
\BOOKMARK [1][]{section.0.3.2}{\376\377\0003\000.\0002\000\040\000C\000O\000M\000S\000O\000L\000\040\000i\000m\000p\000l\000e\000m\000e\000n\000t\000a\000t\000i\000o\000n\000\040\000o\000f\000\040\000a\000\040\000g\000r\000a\000t\000i\000n\000g}{chapter.0.3}% 17
\BOOKMARK [1][]{section.0.3.3}{\376\377\0003\000.\0003\000\040\000C\000o\000n\000v\000e\000r\000g\000e\000n\000c\000e\000\040\000t\000e\000s\000t\000s}{chapter.0.3}% 18
\BOOKMARK [1][]{section.0.3.4}{\376\377\0003\000.\0004\000\040\000M\000a\000c\000h\000i\000n\000e\000\040\000L\000e\000a\000r\000n\000i\000n\000g\000\040\000S\000u\000r\000r\000o\000g\000a\000t\000e\000s}{chapter.0.3}% 19
\BOOKMARK [0][]{chapter.0.4}{\376\377\0004\000\040\000R\000e\000s\000u\000l\000t\000s\000\040\000\046\000\040\000D\000i\000s\000c\000u\000s\000s\000i\000o\000n}{}% 20
\BOOKMARK [1][]{section.0.4.1}{\376\377\0004\000.\0001\000\040\000G\000e\000n\000e\000r\000a\000t\000e\000d\000\040\000D\000a\000t\000a\000s\000e\000t}{chapter.0.4}% 21
\BOOKMARK [1][]{section.0.4.2}{\376\377\0004\000.\0002\000\040\000C\000l\000a\000s\000s\000i\000c\000a\000l\000\040\000T\000o\000p\000o\000l\000o\000g\000y\000\040\000O\000p\000t\000i\000m\000i\000z\000a\000t\000i\000o\000n\000\040\000e\000x\000a\000m\000p\000l\000e}{chapter.0.4}% 22
\BOOKMARK [1][]{section.0.4.3}{\376\377\0004\000.\0003\000\040\000S\000u\000r\000r\000o\000g\000a\000t\000e\000\040\000M\000o\000d\000e\000l\000\040\000T\000r\000a\000i\000n\000i\000n\000g}{chapter.0.4}% 23
\BOOKMARK [0][]{chapter.0.5}{\376\377\0005\000\040\000O\000u\000t\000l\000o\000o\000k}{}% 24
\BOOKMARK [0][]{chapter.0.6}{\376\377\0006\000\040\000C\000o\000n\000c\000l\000u\000s\000i\000o\000n}{}% 25
\BOOKMARK [0][]{chapter*.19}{\376\377\000B\000i\000b\000l\000i\000o\000g\000r\000a\000p\000h\000y}{}% 26
\BOOKMARK [0][]{appendix.A}{\376\377\000A\000\040\000A\000p\000p\000e\000n\000d\000i\000x}{}% 27
\BOOKMARK [1][]{section.A.1}{\376\377\000A\000.\0001\000\040\000A\000d\000d\000i\000t\000i\000o\000n\000a\000l\000\040\000C\000o\000n\000v\000e\000r\000g\000e\000n\000c\000e\000\040\000T\000e\000s\000t\000s}{appendix.A}% 28
\BOOKMARK [1][]{section.A.2}{\376\377\000A\000.\0002\000\040\000D\000a\000t\000a\000s\000e\000t\000\040\000S\000c\000a\000t\000t\000e\000r\000\040\000P\000l\000o\000t\000s}{appendix.A}% 29
