This is pdfTeX, Version 3.141592653-2.6-1.40.29 (TeX Live 2026/Arch Linux) (preloaded format=pdflatex 2026.6.19)  30 JUN 2026 15:14
entering extended mode
 restricted \write18 enabled.
 file:line:error style messages enabled.
 %&-line parsing enabled.
**/home/an/Documents/Inverse-Design-of-Light-trapping-Layers/Report/main.tex
(/home/an/Documents/Inverse-Design-of-Light-trapping-Layers/Report/main.tex
LaTeX2e <2025-11-01>
L3 programming layer <2026-01-19>
(/usr/share/texmf-dist/tex/latex/base/report.cls
Document Class: report 2025/01/22 v1.4n Standard LaTeX document class
(/usr/share/texmf-dist/tex/latex/base/size11.clo
File: size11.clo 2025/01/22 v1.4n Standard LaTeX file (size option)
)
\c@part=\count275
\c@chapter=\count276
\c@section=\count277
\c@subsection=\count278
\c@subsubsection=\count279
\c@paragraph=\count280
\c@subparagraph=\count281
\c@figure=\count282
\c@table=\count283
\abovecaptionskip=\skip49
\belowcaptionskip=\skip50
\bibindent=\dimen148
) (./Setup/Statics.tex) (./Setup/Preamble.tex (/usr/share/texmf-dist/tex/latex/base/inputenc.sty
Package: inputenc 2024/02/08 v1.3d Input encoding file
\inpenc@prehook=\toks17
\inpenc@posthook=\toks18
) (/usr/share/texmf-dist/tex/latex/geometry/geometry.sty
Package: geometry 2020/01/02 v5.9 Page Geometry
 (/usr/share/texmf-dist/tex/latex/graphics/keyval.sty
Package: keyval 2022/05/29 v1.15 key=value parser (DPC)
\KV@toks@=\toks19
) (/usr/share/texmf-dist/tex/generic/iftex/ifvtex.sty
Package: ifvtex 2019/10/25 v1.7 ifvtex legacy package. Use iftex instead.
 (/usr/share/texmf-dist/tex/generic/iftex/iftex.sty
Package: iftex 2024/12/12 v1.0g TeX engine tests
))
\Gm@cnth=\count284
\Gm@cntv=\count285
\c@Gm@tempcnt=\count286
\Gm@bindingoffset=\dimen149
\Gm@wd@mp=\dimen150
\Gm@odd@mp=\dimen151
\Gm@even@mp=\dimen152
\Gm@layoutwidth=\dimen153
\Gm@layoutheight=\dimen154
\Gm@layouthoffset=\dimen155
\Gm@layoutvoffset=\dimen156
\Gm@dimlist=\toks20
) (/usr/share/texmf-dist/tex/latex/fancyhdr/fancyhdr.sty
Package: fancyhdr 2025/02/07 v5.2 Extensive control of page headers and footers
\f@nch@headwidth=\skip51
\f@nch@offset@elh=\skip52
\f@nch@offset@erh=\skip53
\f@nch@offset@olh=\skip54
\f@nch@offset@orh=\skip55
\f@nch@offset@elf=\skip56
\f@nch@offset@erf=\skip57
\f@nch@offset@olf=\skip58
\f@nch@offset@orf=\skip59
\f@nch@height=\skip60
\f@nch@footalignment=\skip61
\f@nch@widthL=\skip62
\f@nch@widthC=\skip63
\f@nch@widthR=\skip64
\@temptokenb=\toks21
) (/usr/share/texmf-dist/tex/latex/parskip/parskip.sty
Package: parskip 2021-03-14 v2.0h non-zero parskip adjustments
 (/usr/share/texmf-dist/tex/latex/kvoptions/kvoptions.sty
Package: kvoptions 2022-06-15 v3.15 Key value format for package options (HO)
 (/usr/share/texmf-dist/tex/generic/ltxcmds/ltxcmds.sty
Package: ltxcmds 2023-12-04 v1.26 LaTeX kernel commands for general use (HO)
) (/usr/share/texmf-dist/tex/latex/kvsetkeys/kvsetkeys.sty
Package: kvsetkeys 2022-10-05 v1.19 Key value parser (HO)
)) (/usr/share/texmf-dist/tex/latex/etoolbox/etoolbox.sty
Package: etoolbox 2025/10/02 v2.5m e-TeX tools for LaTeX (JAW)
\etb@tempcnta=\count287
)) (/usr/share/texmf-dist/tex/latex/titlesec/titlesec.sty
Package: titlesec 2025/01/04 v2.17 Sectioning titles
\ttl@box=\box53
\beforetitleunit=\skip65
\aftertitleunit=\skip66
\ttl@plus=\dimen157
\ttl@minus=\dimen158
\ttl@toksa=\toks22
\titlewidth=\dimen159
\titlewidthlast=\dimen160
\titlewidthfirst=\dimen161
) (/usr/share/texmf-dist/tex/latex/pgf/frontendlayer/tikz.sty (/usr/share/texmf-dist/tex/latex/pgf/basiclayer/pgf.sty (/usr/share/texmf-dist/tex/latex/pgf/utilities/pgfrcs.sty (/usr/share/texmf-dist/tex/generic/pgf/utilities/pgfutil-common.tex
\pgfutil@everybye=\toks23
\pgfutil@tempdima=\dimen162
\pgfutil@tempdimb=\dimen163
) (/usr/share/texmf-dist/tex/generic/pgf/utilities/pgfutil-latex.def
\pgfutil@abb=\box54
) (/usr/share/texmf-dist/tex/generic/pgf/utilities/pgfrcs.code.tex (/usr/share/texmf-dist/tex/generic/pgf/pgf.revision.tex)
Package: pgfrcs 2025-08-29 v3.1.11a (3.1.11a)
))
Package: pgf 2025-08-29 v3.1.11a (3.1.11a)
 (/usr/share/texmf-dist/tex/latex/pgf/basiclayer/pgfcore.sty (/usr/share/texmf-dist/tex/latex/graphics/graphicx.sty
Package: graphicx 2024/12/31 v1.2e Enhanced LaTeX Graphics (DPC,SPQR)
 (/usr/share/texmf-dist/tex/latex/graphics/graphics.sty
Package: graphics 2024/08/06 v1.4g Standard LaTeX Graphics (DPC,SPQR)
 (/usr/share/texmf-dist/tex/latex/graphics/trig.sty
Package: trig 2023/12/02 v1.11 sin cos tan (DPC)
) (/usr/share/texmf-dist/tex/latex/graphics-cfg/graphics.cfg
File: graphics.cfg 2016/06/04 v1.11 sample graphics configuration
)
Package graphics Info: Driver file: pdftex.def on input line 106.
 (/usr/share/texmf-dist/tex/latex/graphics-def/pdftex.def
File: pdftex.def 2025/09/29 v1.2d Graphics/color driver for pdftex
))
\Gin@req@height=\dimen164
\Gin@req@width=\dimen165
) (/usr/share/texmf-dist/tex/latex/pgf/systemlayer/pgfsys.sty (/usr/share/texmf-dist/tex/generic/pgf/systemlayer/pgfsys.code.tex
Package: pgfsys 2025-08-29 v3.1.11a (3.1.11a)
 (/usr/share/texmf-dist/tex/generic/pgf/utilities/pgfkeys.code.tex
\pgfkeys@pathtoks=\toks24
\pgfkeys@temptoks=\toks25
 (/usr/share/texmf-dist/tex/generic/pgf/utilities/pgfkeyslibraryfiltered.code.tex
\pgfkeys@tmptoks=\toks26
))
\pgf@x=\dimen166
\pgf@y=\dimen167
\pgf@xa=\dimen168
\pgf@ya=\dimen169
\pgf@xb=\dimen170
\pgf@yb=\dimen171
\pgf@xc=\dimen172
\pgf@yc=\dimen173
\pgf@xd=\dimen174
\pgf@yd=\dimen175
\w@pgf@writea=\write3
\r@pgf@reada=\read2
\c@pgf@counta=\count288
\c@pgf@countb=\count289
\c@pgf@countc=\count290
\c@pgf@countd=\count291
\t@pgf@toka=\toks27
\t@pgf@tokb=\toks28
\t@pgf@tokc=\toks29
\pgf@sys@id@count=\count292
 (/usr/share/texmf-dist/tex/generic/pgf/systemlayer/pgf.cfg
File: pgf.cfg 2025-08-29 v3.1.11a (3.1.11a)
)
Driver file for pgf: pgfsys-pdftex.def
 (/usr/share/texmf-dist/tex/generic/pgf/systemlayer/pgfsys-pdftex.def
File: pgfsys-pdftex.def 2025-08-29 v3.1.11a (3.1.11a)
 (/usr/share/texmf-dist/tex/generic/pgf/systemlayer/pgfsys-common-pdf.def
File: pgfsys-common-pdf.def 2025-08-29 v3.1.11a (3.1.11a)
))) (/usr/share/texmf-dist/tex/generic/pgf/systemlayer/pgfsyssoftpath.code.tex
File: pgfsyssoftpath.code.tex 2025-08-29 v3.1.11a (3.1.11a)
\pgfsyssoftpath@smallbuffer@items=\count293
\pgfsyssoftpath@bigbuffer@items=\count294
) (/usr/share/texmf-dist/tex/generic/pgf/systemlayer/pgfsysprotocol.code.tex
File: pgfsysprotocol.code.tex 2025-08-29 v3.1.11a (3.1.11a)
)) (/usr/share/texmf-dist/tex/latex/xcolor/xcolor.sty
Package: xcolor 2024/09/29 v3.02 LaTeX color extensions (UK)
 (/usr/share/texmf-dist/tex/latex/graphics-cfg/color.cfg
File: color.cfg 2016/01/02 v1.6 sample color configuration
)
Package xcolor Info: Driver file: pdftex.def on input line 274.
 (/usr/share/texmf-dist/tex/latex/graphics/mathcolor.ltx)
Package xcolor Info: Model `cmy' substituted by `cmy0' on input line 1349.
Package xcolor Info: Model `hsb' substituted by `rgb' on input line 1353.
Package xcolor Info: Model `RGB' extended on input line 1365.
Package xcolor Info: Model `HTML' substituted by `rgb' on input line 1367.
Package xcolor Info: Model `Hsb' substituted by `hsb' on input line 1368.
Package xcolor Info: Model `tHsb' substituted by `hsb' on input line 1369.
Package xcolor Info: Model `HSB' substituted by `hsb' on input line 1370.
Package xcolor Info: Model `Gray' substituted by `gray' on input line 1371.
Package xcolor Info: Model `wave' substituted by `hsb' on input line 1372.
) (/usr/share/texmf-dist/tex/generic/pgf/basiclayer/pgfcore.code.tex
Package: pgfcore 2025-08-29 v3.1.11a (3.1.11a)
 (/usr/share/texmf-dist/tex/generic/pgf/math/pgfmath.code.tex (/usr/share/texmf-dist/tex/generic/pgf/math/pgfmathutil.code.tex) (/usr/share/texmf-dist/tex/generic/pgf/math/pgfmathparser.code.tex
\pgfmath@dimen=\dimen176
\pgfmath@count=\count295
\pgfmath@box=\box55
\pgfmath@toks=\toks30
\pgfmath@stack@operand=\toks31
\pgfmath@stack@operation=\toks32
) (/usr/share/texmf-dist/tex/generic/pgf/math/pgfmathfunctions.code.tex) (/usr/share/texmf-dist/tex/generic/pgf/math/pgfmathfunctions.basic.code.tex) (/usr/share/texmf-dist/tex/generic/pgf/math/pgfmathfunctions.trigonometric.code.tex) (/usr/share/texmf-dist/tex/generic/pgf/math/pgfmathfunctions.random.code.tex) (/usr/share/texmf-dist/tex/generic/pgf/math/pgfmathfunctions.comparison.code.tex) (/usr/share/texmf-dist/tex/generic/pgf/math/pgfmathfunctions.base.code.tex) (/usr/share/texmf-dist/tex/generic/pgf/math/pgfmathfunctions.round.code.tex) (/usr/share/texmf-dist/tex/generic/pgf/math/pgfmathfunctions.misc.code.tex) (/usr/share/texmf-dist/tex/generic/pgf/math/pgfmathfunctions.integerarithmetics.code.tex) (/usr/share/texmf-dist/tex/generic/pgf/math/pgfmathcalc.code.tex) (/usr/share/texmf-dist/tex/generic/pgf/math/pgfmathfloat.code.tex
\c@pgfmathroundto@lastzeros=\count296
)) (/usr/share/texmf-dist/tex/generic/pgf/math/pgfint.code.tex) (/usr/share/texmf-dist/tex/generic/pgf/basiclayer/pgfcorepoints.code.tex
File: pgfcorepoints.code.tex 2025-08-29 v3.1.11a (3.1.11a)
\pgf@picminx=\dimen177
\pgf@picmaxx=\dimen178
\pgf@picminy=\dimen179
\pgf@picmaxy=\dimen180
\pgf@pathminx=\dimen181
\pgf@pathmaxx=\dimen182
\pgf@pathminy=\dimen183
\pgf@pathmaxy=\dimen184
\pgf@xx=\dimen185
\pgf@xy=\dimen186
\pgf@yx=\dimen187
\pgf@yy=\dimen188
\pgf@zx=\dimen189
\pgf@zy=\dimen190
) (/usr/share/texmf-dist/tex/generic/pgf/basiclayer/pgfcorepathconstruct.code.tex
File: pgfcorepathconstruct.code.tex 2025-08-29 v3.1.11a (3.1.11a)
\pgf@path@lastx=\dimen191
\pgf@path@lasty=\dimen192
) (/usr/share/texmf-dist/tex/generic/pgf/basiclayer/pgfcorepathusage.code.tex
File: pgfcorepathusage.code.tex 2025-08-29 v3.1.11a (3.1.11a)
\pgf@shorten@end@additional=\dimen193
\pgf@shorten@start@additional=\dimen194
) (/usr/share/texmf-dist/tex/generic/pgf/basiclayer/pgfcorescopes.code.tex
File: pgfcorescopes.code.tex 2025-08-29 v3.1.11a (3.1.11a)
\pgfpic=\box56
\pgf@hbox=\box57
\pgf@layerbox@main=\box58
\pgf@picture@serial@count=\count297
) (/usr/share/texmf-dist/tex/generic/pgf/basiclayer/pgfcoregraphicstate.code.tex
File: pgfcoregraphicstate.code.tex 2025-08-29 v3.1.11a (3.1.11a)
\pgflinewidth=\dimen195
) (/usr/share/texmf-dist/tex/generic/pgf/basiclayer/pgfcoretransformations.code.tex
File: pgfcoretransformations.code.tex 2025-08-29 v3.1.11a (3.1.11a)
\pgf@pt@x=\dimen196
\pgf@pt@y=\dimen197
\pgf@pt@temp=\dimen198
) (/usr/share/texmf-dist/tex/generic/pgf/basiclayer/pgfcorequick.code.tex
File: pgfcorequick.code.tex 2025-08-29 v3.1.11a (3.1.11a)
) (/usr/share/texmf-dist/tex/generic/pgf/basiclayer/pgfcoreobjects.code.tex
File: pgfcoreobjects.code.tex 2025-08-29 v3.1.11a (3.1.11a)
) (/usr/share/texmf-dist/tex/generic/pgf/basiclayer/pgfcorepathprocessing.code.tex
File: pgfcorepathprocessing.code.tex 2025-08-29 v3.1.11a (3.1.11a)
) (/usr/share/texmf-dist/tex/generic/pgf/basiclayer/pgfcorearrows.code.tex
File: pgfcorearrows.code.tex 2025-08-29 v3.1.11a (3.1.11a)
\pgfarrowsep=\dimen199
) (/usr/share/texmf-dist/tex/generic/pgf/basiclayer/pgfcoreshade.code.tex
File: pgfcoreshade.code.tex 2025-08-29 v3.1.11a (3.1.11a)
\pgf@max=\dimen256
\pgf@sys@shading@range@num=\count298
\pgf@shadingcount=\count299
) (/usr/share/texmf-dist/tex/generic/pgf/basiclayer/pgfcoreimage.code.tex
File: pgfcoreimage.code.tex 2025-08-29 v3.1.11a (3.1.11a)
) (/usr/share/texmf-dist/tex/generic/pgf/basiclayer/pgfcoreexternal.code.tex
File: pgfcoreexternal.code.tex 2025-08-29 v3.1.11a (3.1.11a)
\pgfexternal@startupbox=\box59
) (/usr/share/texmf-dist/tex/generic/pgf/basiclayer/pgfcorelayers.code.tex
File: pgfcorelayers.code.tex 2025-08-29 v3.1.11a (3.1.11a)
) (/usr/share/texmf-dist/tex/generic/pgf/basiclayer/pgfcoretransparency.code.tex
File: pgfcoretransparency.code.tex 2025-08-29 v3.1.11a (3.1.11a)
) (/usr/share/texmf-dist/tex/generic/pgf/basiclayer/pgfcorepatterns.code.tex
File: pgfcorepatterns.code.tex 2025-08-29 v3.1.11a (3.1.11a)
) (/usr/share/texmf-dist/tex/generic/pgf/basiclayer/pgfcorerdf.code.tex
File: pgfcorerdf.code.tex 2025-08-29 v3.1.11a (3.1.11a)
))) (/usr/share/texmf-dist/tex/generic/pgf/modules/pgfmoduleshapes.code.tex
File: pgfmoduleshapes.code.tex 2025-08-29 v3.1.11a (3.1.11a)
\pgfnodeparttextbox=\box60
) (/usr/share/texmf-dist/tex/generic/pgf/modules/pgfmoduleplot.code.tex
File: pgfmoduleplot.code.tex 2025-08-29 v3.1.11a (3.1.11a)
) (/usr/share/texmf-dist/tex/latex/pgf/compatibility/pgfcomp-version-0-65.sty
Package: pgfcomp-version-0-65 2025-08-29 v3.1.11a (3.1.11a)
\pgf@nodesepstart=\dimen257
\pgf@nodesepend=\dimen258
) (/usr/share/texmf-dist/tex/latex/pgf/compatibility/pgfcomp-version-1-18.sty
Package: pgfcomp-version-1-18 2025-08-29 v3.1.11a (3.1.11a)
)) (/usr/share/texmf-dist/tex/latex/pgf/utilities/pgffor.sty (/usr/share/texmf-dist/tex/latex/pgf/utilities/pgfkeys.sty (/usr/share/texmf-dist/tex/generic/pgf/utilities/pgfkeys.code.tex)) (/usr/share/texmf-dist/tex/latex/pgf/math/pgfmath.sty (/usr/share/texmf-dist/tex/generic/pgf/math/pgfmath.code.tex)) (/usr/share/texmf-dist/tex/generic/pgf/utilities/pgffor.code.tex
Package: pgffor 2025-08-29 v3.1.11a (3.1.11a)
\pgffor@iter=\dimen259
\pgffor@skip=\dimen260
\pgffor@stack=\toks33
\pgffor@toks=\toks34
)) (/usr/share/texmf-dist/tex/generic/pgf/frontendlayer/tikz/tikz.code.tex
Package: tikz 2025-08-29 v3.1.11a (3.1.11a)
 (/usr/share/texmf-dist/tex/generic/pgf/libraries/pgflibraryplothandlers.code.tex
File: pgflibraryplothandlers.code.tex 2025-08-29 v3.1.11a (3.1.11a)
\pgf@plot@mark@count=\count300
\pgfplotmarksize=\dimen261
)
\tikz@lastx=\dimen262
\tikz@lasty=\dimen263
\tikz@lastxsaved=\dimen264
\tikz@lastysaved=\dimen265
\tikz@lastmovetox=\dimen266
\tikz@lastmovetoy=\dimen267
\tikzleveldistance=\dimen268
\tikzsiblingdistance=\dimen269
\tikz@figbox=\box61
\tikz@figbox@bg=\box62
\tikz@tempbox=\box63
\tikz@tempbox@bg=\box64
\tikztreelevel=\count301
\tikznumberofchildren=\count302
\tikznumberofcurrentchild=\count303
\tikz@fig@count=\count304
 (/usr/share/texmf-dist/tex/generic/pgf/modules/pgfmodulematrix.code.tex
File: pgfmodulematrix.code.tex 2025-08-29 v3.1.11a (3.1.11a)
\pgfmatrixcurrentrow=\count305
\pgfmatrixcurrentcolumn=\count306
\pgf@matrix@numberofcolumns=\count307
)
\tikz@expandcount=\count308
 (/usr/share/texmf-dist/tex/generic/pgf/frontendlayer/tikz/libraries/tikzlibrarytopaths.code.tex
File: tikzlibrarytopaths.code.tex 2025-08-29 v3.1.11a (3.1.11a)
))) (/usr/share/texmf-dist/tex/latex/pgfplots/pgfplots.sty (/usr/share/texmf-dist/tex/generic/pgfplots/pgfplots.revision.tex)
Package: pgfplots 2025/08/14 v1.18.2 Data Visualization (1.18.2)
 (/usr/share/texmf-dist/tex/generic/pgfplots/pgfplots.code.tex (/usr/share/texmf-dist/tex/generic/pgfplots/pgfplotscore.code.tex
\t@pgfplots@toka=\toks35
\t@pgfplots@tokb=\toks36
\t@pgfplots@tokc=\toks37
\pgfplots@tmpa=\dimen270
\c@pgfplots@coordindex=\count309
\c@pgfplots@scanlineindex=\count310
 (/usr/share/texmf-dist/tex/generic/pgfplots/sys/pgfplotssysgeneric.code.tex)) (/usr/share/texmf-dist/tex/generic/pgfplots/libs/pgfplotslibrary.code.tex) (/usr/share/texmf-dist/tex/generic/pgfplots/oldpgfcompatib/pgfplotsoldpgfsupp_loader.code.tex (/usr/share/texmf-dist/tex/generic/pgf/libraries/pgflibraryfpu.code.tex) (/usr/share/texmf-dist/tex/generic/pgfplots/oldpgfcompatib/pgfplotsoldpgfsupp_pgfutil-common-lists.tex)) (/usr/share/texmf-dist/tex/generic/pgfplots/util/pgfplotsutil.code.tex (/usr/share/texmf-dist/tex/generic/pgfplots/liststructure/pgfplotsliststructure.code.tex) (/usr/share/texmf-dist/tex/generic/pgfplots/liststructure/pgfplotsliststructureext.code.tex) (/usr/share/texmf-dist/tex/generic/pgfplots/liststructure/pgfplotsarray.code.tex
\c@pgfplotsarray@tmp=\count311
) (/usr/share/texmf-dist/tex/generic/pgfplots/liststructure/pgfplotsmatrix.code.tex) (/usr/share/texmf-dist/tex/generic/pgfplots/numtable/pgfplotstableshared.code.tex
\c@pgfplotstable@counta=\count312
\t@pgfplotstable@a=\toks38
) (/usr/share/texmf-dist/tex/generic/pgfplots/liststructure/pgfplotsdeque.code.tex) (/usr/share/texmf-dist/tex/generic/pgfplots/util/pgfplotsbinary.code.tex (/usr/share/texmf-dist/tex/generic/pgfplots/util/pgfplotsbinary.data.code.tex)) (/usr/share/texmf-dist/tex/generic/pgfplots/util/pgfplotsutil.verb.code.tex) (/usr/share/texmf-dist/tex/generic/pgfplots/libs/pgflibrarypgfplots.surfshading.code.tex
\c@pgfplotslibrarysurf@no=\count313
 (/usr/share/texmf-dist/tex/generic/pgfplots/sys/pgflibrarypgfplots.surfshading.pgfsys-pdftex.def))) (/usr/share/texmf-dist/tex/generic/pgfplots/util/pgfplotscolormap.code.tex (/usr/share/texmf-dist/tex/generic/pgfplots/util/pgfplotscolor.code.tex)) (/usr/share/texmf-dist/tex/generic/pgfplots/pgfplotsstackedplots.code.tex) (/usr/share/texmf-dist/tex/generic/pgfplots/pgfplotsplothandlers.code.tex (/usr/share/texmf-dist/tex/generic/pgfplots/pgfplotsmeshplothandler.code.tex (/usr/share/texmf-dist/tex/generic/pgfplots/pgfplotsmeshplotimage.code.tex))) (/usr/share/texmf-dist/tex/generic/pgfplots/pgfplots.scaling.code.tex) (/usr/share/texmf-dist/tex/generic/pgfplots/pgfplotscoordprocessing.code.tex) (/usr/share/texmf-dist/tex/generic/pgfplots/pgfplots.errorbars.code.tex) (/usr/share/texmf-dist/tex/generic/pgfplots/pgfplots.markers.code.tex) (/usr/share/texmf-dist/tex/generic/pgfplots/pgfplotsticks.code.tex) (/usr/share/texmf-dist/tex/generic/pgfplots/pgfplots.paths.code.tex) (/usr/share/texmf-dist/tex/generic/pgf/frontendlayer/tikz/libraries/tikzlibrarydecorations.code.tex (/usr/share/texmf-dist/tex/generic/pgf/modules/pgfmoduledecorations.code.tex
\pgfdecoratedcompleteddistance=\dimen271
\pgfdecoratedremainingdistance=\dimen272
\pgfdecoratedinputsegmentcompleteddistance=\dimen273
\pgfdecoratedinputsegmentremainingdistance=\dimen274
\pgf@decorate@distancetomove=\dimen275
\pgf@decorate@repeatstate=\count314
\pgfdecorationsegmentamplitude=\dimen276
\pgfdecorationsegmentlength=\dimen277
)
\tikz@lib@dec@box=\box65
) (/usr/share/texmf-dist/tex/generic/pgf/frontendlayer/tikz/libraries/tikzlibrarydecorations.pathmorphing.code.tex (/usr/share/texmf-dist/tex/generic/pgf/libraries/decorations/pgflibrarydecorations.pathmorphing.code.tex)) (/usr/share/texmf-dist/tex/generic/pgf/frontendlayer/tikz/libraries/tikzlibrarydecorations.pathreplacing.code.tex (/usr/share/texmf-dist/tex/generic/pgf/libraries/decorations/pgflibrarydecorations.pathreplacing.code.tex)) (/usr/share/texmf-dist/tex/generic/pgfplots/libs/tikzlibrarypgfplots.contourlua.code.tex)
\pgfplots@numplots=\count315
\pgfplots@xmin@reg=\dimen278
\pgfplots@xmax@reg=\dimen279
\pgfplots@ymin@reg=\dimen280
\pgfplots@ymax@reg=\dimen281
\pgfplots@zmin@reg=\dimen282
\pgfplots@zmax@reg=\dimen283
) (/usr/share/texmf-dist/tex/generic/pgf/frontendlayer/tikz/libraries/tikzlibraryplotmarks.code.tex
File: tikzlibraryplotmarks.code.tex 2025-08-29 v3.1.11a (3.1.11a)
 (/usr/share/texmf-dist/tex/generic/pgf/libraries/pgflibraryplotmarks.code.tex
File: pgflibraryplotmarks.code.tex 2025-08-29 v3.1.11a (3.1.11a)
))) (/usr/share/texmf-dist/tex/latex/amsmath/amsmath.sty
Package: amsmath 2025/07/09 v2.17z AMS math features
\@mathmargin=\skip67

For additional information on amsmath, use the `?' option.
(/usr/share/texmf-dist/tex/latex/amsmath/amstext.sty
Package: amstext 2024/11/17 v2.01 AMS text
 (/usr/share/texmf-dist/tex/latex/amsmath/amsgen.sty
File: amsgen.sty 1999/11/30 v2.0 generic functions
\@emptytoks=\toks39
\ex@=\dimen284
)) (/usr/share/texmf-dist/tex/latex/amsmath/amsbsy.sty
Package: amsbsy 1999/11/29 v1.2d Bold Symbols
\pmbraise@=\dimen285
) (/usr/share/texmf-dist/tex/latex/amsmath/amsopn.sty
Package: amsopn 2022/04/08 v2.04 operator names
)
\inf@bad=\count316
LaTeX Info: Redefining \frac on input line 233.
\uproot@=\count317
\leftroot@=\count318
LaTeX Info: Redefining \overline on input line 398.
LaTeX Info: Redefining \colon on input line 409.
\classnum@=\count319
\DOTSCASE@=\count320
LaTeX Info: Redefining \ldots on input line 495.
LaTeX Info: Redefining \dots on input line 498.
LaTeX Info: Redefining \cdots on input line 619.
\Mathstrutbox@=\box66
\strutbox@=\box67
LaTeX Info: Redefining \big on input line 721.
LaTeX Info: Redefining \Big on input line 722.
LaTeX Info: Redefining \bigg on input line 723.
LaTeX Info: Redefining \Bigg on input line 724.
\big@size=\dimen286
LaTeX Font Info:    Redeclaring font encoding OML on input line 742.
LaTeX Font Info:    Redeclaring font encoding OMS on input line 743.
\macc@depth=\count321
LaTeX Info: Redefining \bmod on input line 904.
LaTeX Info: Redefining \pmod on input line 909.
LaTeX Info: Redefining \smash on input line 939.
LaTeX Info: Redefining \relbar on input line 969.
LaTeX Info: Redefining \Relbar on input line 970.
\c@MaxMatrixCols=\count322
\dotsspace@=\muskip17
\c@parentequation=\count323
\dspbrk@lvl=\count324
\tag@help=\toks40
\row@=\count325
\column@=\count326
\maxfields@=\count327
\andhelp@=\toks41
\eqnshift@=\dimen287
\alignsep@=\dimen288
\tagshift@=\dimen289
\tagwidth@=\dimen290
\totwidth@=\dimen291
\lineht@=\dimen292
\@envbody=\toks42
\multlinegap=\skip68
\multlinetaggap=\skip69
\mathdisplay@stack=\toks43
LaTeX Info: Redefining \[ on input line 2950.
LaTeX Info: Redefining \] on input line 2951.
) (/usr/share/texmf-dist/tex/latex/amsfonts/amssymb.sty
Package: amssymb 2013/01/14 v3.01 AMS font symbols
 (/usr/share/texmf-dist/tex/latex/amsfonts/amsfonts.sty
Package: amsfonts 2013/01/14 v3.01 Basic AMSFonts support
\symAMSa=\mathgroup4
\symAMSb=\mathgroup5
LaTeX Font Info:    Redeclaring math symbol \hbar on input line 98.
LaTeX Font Info:    Overwriting math alphabet `\mathfrak' in version `bold'
(Font)                  U/euf/m/n --> U/euf/b/n on input line 106.
)) (/usr/share/texmf-dist/tex/latex/siunitx/siunitx.sty
Package: siunitx 2025-07-09 v3.4.14 A comprehensive (SI) units package
\l__siunitx_number_uncert_offset_int=\count328
\l__siunitx_number_exponent_fixed_int=\count329
\l__siunitx_number_min_decimal_int=\count330
\l__siunitx_number_min_integer_int=\count331
\l__siunitx_number_round_precision_int=\count332
\l__siunitx_number_lower_threshold_int=\count333
\l__siunitx_number_upper_threshold_int=\count334
\l__siunitx_number_group_first_int=\count335
\l__siunitx_number_group_size_int=\count336
\l__siunitx_number_group_minimum_int=\count337
\l__siunitx_angle_tmp_dim=\dimen293
\l__siunitx_angle_marker_box=\box68
\l__siunitx_angle_unit_box=\box69
\l__siunitx_compound_count_int=\count338
 (/usr/share/texmf-dist/tex/latex/translations/translations.sty
Package: translations 2022/02/05 v1.12 internationalization of LaTeX2e packages (CN)
 (/usr/share/texmf-dist/tex/generic/pdftexcmds/pdftexcmds.sty
Package: pdftexcmds 2020-06-27 v0.33 Utility functions of pdfTeX for LuaTeX (HO)
 (/usr/share/texmf-dist/tex/generic/infwarerr/infwarerr.sty
Package: infwarerr 2019/12/03 v1.5 Providing info/warning/error messages (HO)
)
Package pdftexcmds Info: \pdf@primitive is available.
Package pdftexcmds Info: \pdf@ifprimitive is available.
Package pdftexcmds Info: \pdfdraftmode found.
))
\l__siunitx_table_tmp_box=\box70
\l__siunitx_table_tmp_dim=\dimen294
\l__siunitx_table_column_width_dim=\dimen295
\l__siunitx_table_integer_box=\box71
\l__siunitx_table_decimal_box=\box72
\l__siunitx_table_uncert_box=\box73
\l__siunitx_table_before_box=\box74
\l__siunitx_table_after_box=\box75
\l__siunitx_table_before_dim=\dimen296
\l__siunitx_table_carry_dim=\dimen297
\l__siunitx_unit_tmp_int=\count339
\l__siunitx_unit_position_int=\count340
\l__siunitx_unit_total_int=\count341
 (/usr/share/texmf-dist/tex/latex/tools/array.sty
Package: array 2025/09/25 v2.6n Tabular extension package (FMi)
\col@sep=\dimen298
\ar@mcellbox=\box76
\extrarowheight=\dimen299
\NC@list=\toks44
\extratabsurround=\skip70
\backup@length=\skip71
\ar@cellbox=\box77
)) (/usr/share/texmf-dist/tex/latex/listings/listings.sty
\lst@mode=\count342
\lst@gtempboxa=\box78
\lst@token=\toks45
\lst@length=\count343
\lst@currlwidth=\dimen300
\lst@column=\count344
\lst@pos=\count345
\lst@lostspace=\dimen301
\lst@width=\dimen302
\lst@newlines=\count346
\lst@lineno=\count347
\lst@maxwidth=\dimen303
 (/usr/share/texmf-dist/tex/latex/listings/lstpatch.sty
File: lstpatch.sty 2025/11/14 1.11b (Carsten Heinz)
) (/usr/share/texmf-dist/tex/latex/listings/lstmisc.sty
File: lstmisc.sty 2025/11/14 1.11b (Carsten Heinz)
\c@lstnumber=\count348
\lst@skipnumbers=\count349
\lst@framebox=\box79
) (/usr/share/texmf-dist/tex/latex/listings/listings.cfg
File: listings.cfg 2025/11/14 1.11b listings configuration
))
Package: listings 2025/11/14 1.11b (Carsten Heinz)

==> First Aid for listings.sty no longer applied!
    Expected:
        2024/09/23 1.10c (Carsten Heinz)
    but found:
        2025/11/14 1.11b (Carsten Heinz)
    so I'm assuming it got fixed.
(/usr/share/texmf-dist/tex/latex/listings/lstlang1.sty
File: lstlang1.sty 2025/11/14 1.11b listings language file
) (/usr/share/texmf-dist/tex/latex/hyperref/hyperref.sty
Package: hyperref 2026-01-29 v7.01p Hypertext links for LaTeX
 (/usr/share/texmf-dist/tex/generic/kvdefinekeys/kvdefinekeys.sty
Package: kvdefinekeys 2019-12-19 v1.6 Define keys (HO)
) (/usr/share/texmf-dist/tex/generic/pdfescape/pdfescape.sty
Package: pdfescape 2019/12/09 v1.15 Implements pdfTeX's escape features (HO)
) (/usr/share/texmf-dist/tex/latex/hycolor/hycolor.sty
Package: hycolor 2020-01-27 v1.10 Color options for hyperref/bookmark (HO)
) (/usr/share/texmf-dist/tex/latex/hyperref/nameref.sty
Package: nameref 2026-01-29 v2.58 Cross-referencing by name of section
 (/usr/share/texmf-dist/tex/latex/refcount/refcount.sty
Package: refcount 2019/12/15 v3.6 Data extraction from label references (HO)
) (/usr/share/texmf-dist/tex/generic/gettitlestring/gettitlestring.sty
Package: gettitlestring 2019/12/15 v1.6 Cleanup title references (HO)
)
\c@section@level=\count350
) (/usr/share/texmf-dist/tex/generic/stringenc/stringenc.sty
Package: stringenc 2019/11/29 v1.12 Convert strings between diff. encodings (HO)
)
\@linkdim=\dimen304
\Hy@linkcounter=\count351
\Hy@pagecounter=\count352
 (/usr/share/texmf-dist/tex/latex/hyperref/pd1enc.def
File: pd1enc.def 2026-01-29 v7.01p Hyperref: PDFDocEncoding definition (HO)
Now handling font encoding PD1 ...
... no UTF-8 mapping file for font encoding PD1
) (/usr/share/texmf-dist/tex/generic/intcalc/intcalc.sty
Package: intcalc 2019/12/15 v1.3 Expandable calculations with integers (HO)
)
\Hy@SavedSpaceFactor=\count353
 (/usr/share/texmf-dist/tex/latex/hyperref/puenc.def
File: puenc.def 2026-01-29 v7.01p Hyperref: PDF Unicode definition (HO)
Now handling font encoding PU ...
... no UTF-8 mapping file for font encoding PU
)
Package hyperref Info: Hyper figures OFF on input line 4201.
Package hyperref Info: Link nesting OFF on input line 4206.
Package hyperref Info: Hyper index ON on input line 4209.
Package hyperref Info: Plain pages OFF on input line 4216.
Package hyperref Info: Backreferencing OFF on input line 4221.
Package hyperref Info: Implicit mode ON; LaTeX internals redefined.
Package hyperref Info: Bookmarks ON on input line 4468.
\c@Hy@tempcnt=\count354
 (/usr/share/texmf-dist/tex/latex/url/url.sty
\Urlmuskip=\muskip18
Package: url 2013/09/16  ver 3.4  Verb mode for urls, etc.
)
LaTeX Info: Redefining \url on input line 4807.
\XeTeXLinkMargin=\dimen305
 (/usr/share/texmf-dist/tex/generic/bitset/bitset.sty
Package: bitset 2019/12/09 v1.3 Handle bit-vector datatype (HO)
 (/usr/share/texmf-dist/tex/generic/bigintcalc/bigintcalc.sty
Package: bigintcalc 2019/12/15 v1.5 Expandable calculations on big integers (HO)
))
\Fld@menulength=\count355
\Field@Width=\dimen306
\Fld@charsize=\dimen307
Package hyperref Info: Hyper figures OFF on input line 6084.
Package hyperref Info: Link nesting OFF on input line 6089.
Package hyperref Info: Hyper index ON on input line 6092.
Package hyperref Info: backreferencing OFF on input line 6099.
Package hyperref Info: Link coloring OFF on input line 6104.
Package hyperref Info: Link coloring with OCG OFF on input line 6109.
Package hyperref Info: PDF/A mode OFF on input line 6114.
\Hy@abspage=\count356
\c@Item=\count357
\c@Hfootnote=\count358
)
Package hyperref Info: Driver (autodetected): hpdftex.
 (/usr/share/texmf-dist/tex/latex/hyperref/hpdftex.def
File: hpdftex.def 2026-01-29 v7.01p Hyperref driver for pdfTeX
\Fld@listcount=\count359
\c@bookmark@seq@number=\count360
 (/usr/share/texmf-dist/tex/latex/rerunfilecheck/rerunfilecheck.sty
Package: rerunfilecheck 2025-06-21 v1.11 Rerun checks for auxiliary files (HO)
 (/usr/share/texmf-dist/tex/generic/uniquecounter/uniquecounter.sty
Package: uniquecounter 2019/12/15 v1.4 Provide unlimited unique counter (HO)
)
Package uniquecounter Info: New unique counter `rerunfilecheck' on input line 284.
)
\Hy@SectionHShift=\skip72
) (/usr/share/texmf-dist/tex/latex/cleveref/cleveref.sty
Package: cleveref 2018/03/27 v0.21.4 Intelligent cross-referencing
Package cleveref Info: `hyperref' support loaded on input line 2370.
LaTeX Info: Redefining \cref on input line 2370.
LaTeX Info: Redefining \Cref on input line 2370.
LaTeX Info: Redefining \crefrange on input line 2370.
LaTeX Info: Redefining \Crefrange on input line 2370.
LaTeX Info: Redefining \cpageref on input line 2370.
LaTeX Info: Redefining \Cpageref on input line 2370.
LaTeX Info: Redefining \cpagerefrange on input line 2370.
LaTeX Info: Redefining \Cpagerefrange on input line 2370.
LaTeX Info: Redefining \labelcref on input line 2370.
LaTeX Info: Redefining \labelcpageref on input line 2370.
Package cleveref Info: `listings' support loaded on input line 3131.
)
==> First Aid for cleveref.sty applied!
(/usr/share/texmf-dist/tex/latex/base/textcomp.sty
Package: textcomp 2024/04/24 v2.1b Standard LaTeX package
) (/usr/share/texmf-dist/tex/generic/babel/babel.sty
Package: babel 2026/02/14 v26.3 The multilingual framework for LuaLaTeX, pdfLaTeX and XeLaTeX
\babel@savecnt=\count361
LaTeX Encoding Info:    Redeclaring text command \ij (encoding OT1) on input line 2078.
LaTeX Encoding Info:    Redeclaring text command \IJ (encoding OT1) on input line 2080.
LaTeX Encoding Info:    Redeclaring text command \ij (encoding T1) on input line 2082.
LaTeX Encoding Info:    Redeclaring text command \IJ (encoding T1) on input line 2083.
LaTeX Encoding Info:    Ignoring declaration for text command \ij (encoding ?) on input line 2084.
LaTeX Encoding Info:    Ignoring declaration for text command \IJ (encoding ?) on input line 2086.
LaTeX Encoding Info:    Ignoring declaration for text command \SS (encoding ?) on input line 2111.
\U@D=\dimen308
\l@unhyphenated=\language3
 (/usr/share/texmf-dist/tex/generic/babel/txtbabel.def)
\bbl@readstream=\read3
\bbl@dirlevel=\count362
 (/usr/share/texmf-dist/tex/generic/babel/locale/en/babel-english.tex)
Package babel Info: Importing font and identification data for english
(babel)             from babel-en.ini. Reported on input line 4330.
 (/usr/share/texmf-dist/tex/generic/babel-english/english.ldf
Language: english 2017/06/06 v3.3r English support from the babel system
Package babel Info: Hyphen rules for 'british' set to \l@english
(babel)             (\language0). Reported on input line 82.
Package babel Info: Hyphen rules for 'UKenglish' set to \l@english
(babel)             (\language0). Reported on input line 83.
Package babel Info: Hyphen rules for 'canadian' set to \l@english
(babel)             (\language0). Reported on input line 102.
Package babel Info: Hyphen rules for 'australian' set to \l@english
(babel)             (\language0). Reported on input line 105.
Package babel Info: Hyphen rules for 'newzealand' set to \l@english
(babel)             (\language0). Reported on input line 108.
)) (/usr/share/texmf-dist/tex/latex/caption/caption.sty
Package: caption 2023/08/05 v3.6o Customizing captions (AR)
 (/usr/share/texmf-dist/tex/latex/caption/caption3.sty
Package: caption3 2023/07/31 v2.4d caption3 kernel (AR)
\caption@tempdima=\dimen309
\captionmargin=\dimen310
\caption@leftmargin=\dimen311
\caption@rightmargin=\dimen312
\caption@width=\dimen313
\caption@indent=\dimen314
\caption@parindent=\dimen315
\caption@hangindent=\dimen316
Package caption Info: Standard document class detected.
)
\c@caption@flags=\count363
\c@continuedfloat=\count364
Package caption Info: hyperref package is loaded.
Package caption Info: listings package is loaded.
) (/usr/share/texmf-dist/tex/latex/caption/subcaption.sty
Package: subcaption 2023/07/28 v1.6b Sub-captions (AR)
Package caption Info: New subtype `subfigure' on input line 238.
\c@subfigure=\count365
Package caption Info: New subtype `subtable' on input line 238.
\c@subtable=\count366
) (/usr/share/texmf-dist/tex/latex/csquotes/csquotes.sty
Package: csquotes 2024-04-04 v5.2o context-sensitive quotations (JAW)
\csq@reset=\count367
\csq@gtype=\count368
\csq@glevel=\count369
\csq@qlevel=\count370
\csq@maxlvl=\count371
\csq@tshold=\count372
\csq@ltx@everypar=\toks46
 (/usr/share/texmf-dist/tex/latex/csquotes/csquotes.def
File: csquotes.def 2024-04-04 v5.2o csquotes generic definitions (JAW)
)
Package csquotes Info: Trying to load configuration file 'csquotes.cfg'...
Package csquotes Info: ... configuration file loaded successfully.
 (/usr/share/texmf-dist/tex/latex/csquotes/csquotes.cfg
File: csquotes.cfg 
)) (/usr/share/texmf-dist/tex/latex/biblatex/biblatex.sty
Package: biblatex 2025/07/10 v3.21 programmable bibliographies (PK/MW)
 (/usr/share/texmf-dist/tex/latex/logreq/logreq.sty
Package: logreq 2010/08/04 v1.0 xml request logger
\lrq@indent=\count373
 (/usr/share/texmf-dist/tex/latex/logreq/logreq.def
File: logreq.def 2010/08/04 v1.0 logreq spec v1.0
)) (/usr/share/texmf-dist/tex/latex/base/ifthen.sty
Package: ifthen 2024/03/16 v1.1e Standard LaTeX ifthen package (DPC)
)
\c@tabx@nest=\count374
\c@listtotal=\count375
\c@listcount=\count376
\c@liststart=\count377
\c@liststop=\count378
\c@citecount=\count379
\c@citetotal=\count380
\c@multicitecount=\count381
\c@multicitetotal=\count382
\c@instcount=\count383
\c@maxnames=\count384
\c@minnames=\count385
\c@maxitems=\count386
\c@minitems=\count387
\c@citecounter=\count388
\c@maxcitecounter=\count389
\c@savedcitecounter=\count390
\c@uniquelist=\count391
\c@uniquename=\count392
\c@refsection=\count393
\c@refsegment=\count394
\c@maxextratitle=\count395
\c@maxextratitleyear=\count396
\c@maxextraname=\count397
\c@maxextradate=\count398
\c@maxextraalpha=\count399
\c@abbrvpenalty=\count400
\c@highnamepenalty=\count401
\c@lownamepenalty=\count402
\c@maxparens=\count403
\c@parenlevel=\count404
\blx@tempcnta=\count405
\blx@tempcntb=\count406
\blx@tempcntc=\count407
\c@blx@maxsection=\count408
\blx@maxsegment@0=\count409
\blx@notetype=\count410
\blx@parenlevel@text=\count411
\blx@parenlevel@foot=\count412
\blx@sectionciteorder@0=\count413
\blx@sectionciteorderinternal@0=\count414
\blx@entrysetcounter=\count415
\blx@biblioinstance=\count416
\labelnumberwidth=\skip73
\labelalphawidth=\skip74
\biblabelsep=\skip75
\bibitemsep=\skip76
\bibnamesep=\skip77
\bibinitsep=\skip78
\bibparsep=\skip79
\bibhang=\skip80
\blx@bcfin=\read4
\blx@bcfout=\write4
\blx@langwohyphens=\language4
\c@mincomprange=\count417
\c@maxcomprange=\count418
\c@mincompwidth=\count419
Package biblatex Info: Trying to load biblatex default data model...
Package biblatex Info: ... file 'blx-dm.def' found.
 (/usr/share/texmf-dist/tex/latex/biblatex/blx-dm.def
File: blx-dm.def 2025/07/10 v3.21 biblatex datamodel (PK/MW)
)
Package biblatex Info: Trying to load biblatex style data model...
Package biblatex Info: ... file 'authoryear.dbx' not found.
Package biblatex Info: Trying to load biblatex custom data model...
Package biblatex Info: ... file 'biblatex-dm.cfg' not found.
\c@afterword=\count420
\c@savedafterword=\count421
\c@annotator=\count422
\c@savedannotator=\count423
\c@author=\count424
\c@savedauthor=\count425
\c@bookauthor=\count426
\c@savedbookauthor=\count427
\c@commentator=\count428
\c@savedcommentator=\count429
\c@editor=\count430
\c@savededitor=\count431
\c@editora=\count432
\c@savededitora=\count433
\c@editorb=\count434
\c@savededitorb=\count435
\c@editorc=\count436
\c@savededitorc=\count437
\c@foreword=\count438
\c@savedforeword=\count439
\c@holder=\count440
\c@savedholder=\count441
\c@introduction=\count442
\c@savedintroduction=\count443
\c@namea=\count444
\c@savednamea=\count445
\c@nameb=\count446
\c@savednameb=\count447
\c@namec=\count448
\c@savednamec=\count449
\c@translator=\count450
\c@savedtranslator=\count451
\c@shortauthor=\count452
\c@savedshortauthor=\count453
\c@shorteditor=\count454
\c@savedshorteditor=\count455
\c@labelname=\count456
\c@savedlabelname=\count457
\c@institution=\count458
\c@savedinstitution=\count459
\c@lista=\count460
\c@savedlista=\count461
\c@listb=\count462
\c@savedlistb=\count463
\c@listc=\count464
\c@savedlistc=\count465
\c@listd=\count466
\c@savedlistd=\count467
\c@liste=\count468
\c@savedliste=\count469
\c@listf=\count470
\c@savedlistf=\count471
\c@location=\count472
\c@savedlocation=\count473
\c@organization=\count474
\c@savedorganization=\count475
\c@origlocation=\count476
\c@savedoriglocation=\count477
\c@origpublisher=\count478
\c@savedorigpublisher=\count479
\c@publisher=\count480
\c@savedpublisher=\count481
\c@language=\count482
\c@savedlanguage=\count483
\c@origlanguage=\count484
\c@savedoriglanguage=\count485
\c@pageref=\count486
\c@savedpageref=\count487
\shorthandwidth=\skip81
\shortjournalwidth=\skip82
\shortserieswidth=\skip83
\shorttitlewidth=\skip84
\shortauthorwidth=\skip85
\shorteditorwidth=\skip86
\locallabelnumberwidth=\skip87
\locallabelalphawidth=\skip88
\localshorthandwidth=\skip89
\localshortjournalwidth=\skip90
\localshortserieswidth=\skip91
\localshorttitlewidth=\skip92
\localshortauthorwidth=\skip93
\localshorteditorwidth=\skip94
Package biblatex Info: Trying to load compatibility code...
Package biblatex Info: ... file 'blx-compat.def' found.
 (/usr/share/texmf-dist/tex/latex/biblatex/blx-compat.def
File: blx-compat.def 2025/07/10 v3.21 biblatex compatibility (PK/MW)
)
Package biblatex Info: Trying to load BibTeX backend compatibility...
Package biblatex Info: ... file 'blx-bibtex.def' found.
 (/usr/share/texmf-dist/tex/latex/biblatex/blx-bibtex.def
File: blx-bibtex.def 2025/07/10 v3.21 biblatex compatibility (PK/MW)


Package biblatex Warning: Using fall-back bibtex backend:
(biblatex)                functionality may be reduced/unavailable.

)
Package biblatex Info: Trying to load generic definitions...
Package biblatex Info: ... file 'biblatex.def' found.
 (/usr/share/texmf-dist/tex/latex/biblatex/biblatex.def
File: biblatex.def 2025/07/10 v3.21 biblatex compatibility (PK/MW)
\c@textcitecount=\count488
\c@textcitetotal=\count489
\c@textcitemaxnames=\count490
\c@biburlbigbreakpenalty=\count491
\c@biburlbreakpenalty=\count492
\c@biburlnumpenalty=\count493
\c@biburlucpenalty=\count494
\c@biburllcpenalty=\count495
\biburlbigskip=\muskip19
\biburlnumskip=\muskip20
\biburlucskip=\muskip21
\biburllcskip=\muskip22
\c@smartand=\count496
)
Package biblatex Info: Trying to load bibliography style 'authoryear'...
Package biblatex Info: ... file 'authoryear.bbx' found.
 (/usr/share/texmf-dist/tex/latex/biblatex/bbx/authoryear.bbx
File: authoryear.bbx 2025/07/10 v3.21 biblatex bibliography style (PK/MW)
Package biblatex Info: Trying to load bibliography style 'standard'...
Package biblatex Info: ... file 'standard.bbx' found.
 (/usr/share/texmf-dist/tex/latex/biblatex/bbx/standard.bbx
File: standard.bbx 2025/07/10 v3.21 biblatex bibliography style (PK/MW)
\c@bbx:relatedcount=\count497
\c@bbx:relatedtotal=\count498
))
Package biblatex Info: Trying to load citation style 'authoryear'...
Package biblatex Info: ... file 'authoryear.cbx' found.
 (/usr/share/texmf-dist/tex/latex/biblatex/cbx/authoryear.cbx
File: authoryear.cbx 2025/07/10 v3.21 biblatex citation style (PK/MW)
Package biblatex Info: Redefining '\cite'.
Package biblatex Info: Redefining '\parencite'.
Package biblatex Info: Redefining '\footcite'.
Package biblatex Info: Redefining '\footcitetext'.
Package biblatex Info: Redefining '\smartcite'.
Package biblatex Info: Redefining '\textcite'.
Package biblatex Info: Redefining '\textcites'.
)
Package biblatex Info: Trying to load configuration file...
Package biblatex Info: ... file 'biblatex.cfg' found.
 (/usr/share/texmf-dist/tex/latex/biblatex/biblatex.cfg
File: biblatex.cfg 
)
Package biblatex Info: Input encoding 'utf8' detected.
Package biblatex Info: Document encoding is UTF8 ....
 (/usr/share/texmf-dist/tex/latex/l3kernel/expl3.sty
Package: expl3 2026-01-19 L3 programming layer (loader) 
 (/usr/share/texmf-dist/tex/latex/l3backend/l3backend-pdftex.def
File: l3backend-pdftex.def 2025-10-09 L3 backend support: PDF output (pdfTeX)
\l__color_backend_stack_int=\count499
))
Package biblatex Info: ... and expl3
(biblatex)             2026-01-19 L3 programming layer (loader) 
(biblatex)             is new enough (at least 2020/04/06),
(biblatex)             setting 'casechanger=expl3'.
 (/usr/share/texmf-dist/tex/latex/biblatex/blx-case-expl3.sty (/usr/share/texmf-dist/tex/latex/l3packages/xparse/xparse.sty
Package: xparse 2025-10-09 L3 Experimental document command parser
)
Package: blx-case-expl3 2025/07/10 v3.21 expl3 case changing code for biblatex
)) (/usr/share/texmf-dist/tex/latex/tools/tabularx.sty
Package: tabularx 2023/12/11 v2.12a `tabularx' package (DPC)
\TX@col@width=\dimen317
\TX@old@table=\dimen318
\TX@old@col=\dimen319
\TX@target=\dimen320
\TX@delta=\dimen321
\TX@cols=\count500
\TX@ftn=\toks47
) (/usr/share/texmf-dist/tex/latex/booktabs/booktabs.sty
Package: booktabs 2020/01/12 v1.61803398 Publication quality tables
\heavyrulewidth=\dimen322
\lightrulewidth=\dimen323
\cmidrulewidth=\dimen324
\belowrulesep=\dimen325
\belowbottomsep=\dimen326
\aboverulesep=\dimen327
\abovetopsep=\dimen328
\cmidrulesep=\dimen329
\cmidrulekern=\dimen330
\defaultaddspace=\dimen331
\@cmidla=\count501
\@cmidlb=\count502
\@aboverulesep=\dimen332
\@belowrulesep=\dimen333
\@thisruleclass=\count503
\@lastruleclass=\count504
\@thisrulewidth=\dimen334
) (/usr/share/texmf-dist/tex/latex/float/float.sty
Package: float 2001/11/08 v1.3d Float enhancements (AL)
\c@float@type=\count505
\float@exts=\toks48
\float@box=\box80
\@float@everytoks=\toks49
\@floatcapt=\box81
) (/usr/share/texmf-dist/tex/latex/tools/calc.sty
Package: calc 2025/03/01 v4.3b Infix arithmetic (KKT,FJ)
\calc@Acount=\count506
\calc@Bcount=\count507
\calc@Adimen=\dimen335
\calc@Bdimen=\dimen336
\calc@Askip=\skip95
\calc@Bskip=\skip96
LaTeX Info: Redefining \setlength on input line 86.
LaTeX Info: Redefining \addtolength on input line 87.
\calc@Ccount=\count508
\calc@Cskip=\skip97
) (/usr/share/texmf-dist/tex/latex/blindtext/blindtext.sty
Package: blindtext 2012/01/06 V2.0 blindtext-Package
 (/usr/share/texmf-dist/tex/latex/tools/xspace.sty
Package: xspace 2014/10/28 v1.13 Space after command names (DPC,MH)
)
\c@blindtext=\count509
\c@Blindtext=\count510
\c@blind@countparstart=\count511
\blind@countxx=\count512
\blindtext@numBlindtext=\count513
\blind@countyy=\count514
\c@blindlist=\count515
\c@blindlistlevel=\count516
\c@blindlist@level=\count517
\blind@listitem=\count518
\c@blind@listcount=\count519
\c@blind@levelcount=\count520
\blind@mathformula=\count521
\blind@Mathformula=\count522
\c@blind@randomcount=\count523
\c@blind@randommax=\count524
\c@blind@pangramcount=\count525
\c@blind@pangrammax=\count526
)) (./Setup/Settings.tex
LaTeX Font Info:    Trying to load font information for OT1+qhv on input line 55.
 (/usr/share/texmf-dist/tex/latex/tex-gyre/ot1qhv.fd
File: ot1qhv.fd 2009/09/25 v1.2 font definition file for OT1/qhv
) (/usr/share/texmf-dist/tex/generic/pgf/frontendlayer/tikz/libraries/tikzlibraryspy.code.tex
File: tikzlibraryspy.code.tex 2025-08-29 v3.1.11a (3.1.11a)
\tikz@lib@spybox=\box82
) (/usr/share/texmf-dist/tex/generic/pgfplots/libs/tikzlibrarypgfplots.statistics.code.tex)
Package hyperref Info: Option `pdfdisplaydoctitle' set `true' on input line 147.
Package hyperref Info: Option `bookmarksnumbered' set `true' on input line 147.
Package hyperref Info: Option `bookmarksopen' set `true' on input line 147.
Package hyperref Info: Option `breaklinks' set `true' on input line 147.
Package hyperref Info: Option `plainpages' set `false' on input line 147.
Package hyperref Info: Option `unicode' set `true' on input line 147.
Package hyperref Info: Option `colorlinks' set `false' on input line 147.
\myl=\skip98
)
Package csquotes Info: Checking for multilingual support...
Package csquotes Info: ... found 'babel' package.
Package csquotes Info: Adjusting default style.
Package csquotes Info: Redefining alias 'default' -> 'english'.
 (./main.aux

LaTeX Warning: Label `fig:conv_nosub_6' multiply defined.


LaTeX Warning: Label `fig:conv_nosub_6@cref' multiply defined.


LaTeX Warning: Label `fig:conv_nosub_6' multiply defined.


LaTeX Warning: Label `fig:conv_nosub_6@cref' multiply defined.


LaTeX Warning: Label `fig:conv_nosub_6' multiply defined.


LaTeX Warning: Label `fig:conv_nosub_6@cref' multiply defined.


LaTeX Warning: Label `fig:conv_nosub_6' multiply defined.


LaTeX Warning: Label `fig:conv_nosub_6@cref' multiply defined.


LaTeX Warning: Label `fig:surrogateOptHist' multiply defined.


LaTeX Warning: Label `fig:surrogateOptHist@cref' multiply defined.


LaTeX Warning: Label `fig:surrogateOptHist' multiply defined.


LaTeX Warning: Label `fig:surrogateOptHist@cref' multiply defined.


LaTeX Warning: Label `fig:surrogateOptHist' multiply defined.


LaTeX Warning: Label `fig:surrogateOptHist@cref' multiply defined.


LaTeX Warning: Label `fig:surrogateOptHist' multiply defined.


LaTeX Warning: Label `fig:surrogateOptHist@cref' multiply defined.

)
\openout1 = `main.aux'.

LaTeX Font Info:    Checking defaults for OML/cmm/m/it on input line 6.
LaTeX Font Info:    ... okay on input line 6.
LaTeX Font Info:    Checking defaults for OMS/cmsy/m/n on input line 6.
LaTeX Font Info:    ... okay on input line 6.
LaTeX Font Info:    Checking defaults for OT1/cmr/m/n on input line 6.
LaTeX Font Info:    ... okay on input line 6.
LaTeX Font Info:    Checking defaults for T1/cmr/m/n on input line 6.
LaTeX Font Info:    ... okay on input line 6.
LaTeX Font Info:    Checking defaults for TS1/cmr/m/n on input line 6.
LaTeX Font Info:    ... okay on input line 6.
LaTeX Font Info:    Checking defaults for OMX/cmex/m/n on input line 6.
LaTeX Font Info:    ... okay on input line 6.
LaTeX Font Info:    Checking defaults for U/cmr/m/n on input line 6.
LaTeX Font Info:    ... okay on input line 6.
LaTeX Font Info:    Checking defaults for PD1/pdf/m/n on input line 6.
LaTeX Font Info:    ... okay on input line 6.
LaTeX Font Info:    Checking defaults for PU/pdf/m/n on input line 6.
LaTeX Font Info:    ... okay on input line 6.

*geometry* driver: auto-detecting
*geometry* detected driver: pdftex
*geometry* verbose mode - [ preamble ] result:
* driver: pdftex
* paper: a4paper
* layout: <same size as paper>
* layoutoffset:(h,v)=(0.0pt,0.0pt)
* modes: twoside 
* h-part:(L,W,R)=(71.70166pt, 418.25368pt, 107.55254pt)
* v-part:(T,H,B)=(101.40665pt, 591.5302pt, 152.11pt)
* \paperwidth=597.50787pt
* \paperheight=845.04684pt
* \textwidth=418.25368pt
* \textheight=591.5302pt
* \oddsidemargin=-0.56833pt
* \evensidemargin=35.28255pt
* \topmargin=-7.86334pt
* \headheight=12.0pt
* \headsep=25.0pt
* \topskip=11.0pt
* \footskip=30.0pt
* \marginparwidth=103.0pt
* \marginparsep=10.0pt
* \columnsep=10.0pt
* \skip\footins=10.0pt plus 4.0pt minus 2.0pt
* \hoffset=0.0pt
* \voffset=0.0pt
* \mag=1000
* \@twocolumnfalse
* \@twosidetrue
* \@mparswitchtrue
* \@reversemarginfalse
* (1in=72.27pt=25.4mm, 1cm=28.453pt)

(/usr/share/texmf-dist/tex/context/base/mkii/supp-pdf.mkii
[Loading MPS to PDF converter (version 2006.09.02).]
\scratchcounter=\count527
\scratchdimen=\dimen337
\scratchbox=\box83
\nofMPsegments=\count528
\nofMParguments=\count529
\everyMPshowfont=\toks50
\MPscratchCnt=\count530
\MPscratchDim=\dimen338
\MPnumerator=\count531
\makeMPintoPDFobject=\count532
\everyMPtoPDFconversion=\toks51
) (/usr/share/texmf-dist/tex/latex/epstopdf-pkg/epstopdf-base.sty
Package: epstopdf-base 2020-01-24 v2.11 Base part for package epstopdf
Package epstopdf-base Info: Redefining graphics rule for `.eps' on input line 485.
 (/usr/share/texmf-dist/tex/latex/latexconfig/epstopdf-sys.cfg
File: epstopdf-sys.cfg 2010/07/13 v1.3 Configuration of (r)epstopdf for TeX Live
))
Package pgfplots notification 'compat/show suggested version=true': document has been generated with the most recent feature set (\pgfplotsset{compat=1.18}).

(/usr/share/texmf-dist/tex/latex/translations/translations-basic-dictionary-english.trsl
File: translations-basic-dictionary-english.trsl (english translation file `translations-basic-dictionary')
)
Package translations Info: loading dictionary `translations-basic-dictionary' for `english'. on input line 6.
\c@lstlisting=\count533
Package hyperref Info: Link coloring OFF on input line 6.
 (./main.out) (./main.out)
\@outlinefile=\write5
\openout5 = `main.out'.

Package caption Info: Begin \AtBeginDocument code.
Package caption Info: float package is loaded.
Package caption Info: End \AtBeginDocument code.
Package biblatex Info: Trying to load language 'english'...
Package biblatex Info: ... file 'english.lbx' found.
 (/usr/share/texmf-dist/tex/latex/biblatex/lbx/english.lbx
File: english.lbx 2025/07/10 v3.21 biblatex localization (PK/MW)
)
Package biblatex Info: Input encoding 'utf8' detected.
Package biblatex Info: Automatic encoding selection.
(biblatex)             Assuming data encoding 'utf8'.
Package biblatex Info: Input encoding 'utf8' detected.
Package biblatex Info: Data encoding 'utf8' specified.
(biblatex)             No need to reencode data.
\openout4 = `main-blx.bib'.

Package biblatex Info: Trying to load bibliographic data...
Package biblatex Info: ... file 'main.bbl' found.
 (./main.bbl)
Package biblatex Info: Reference section=0 on input line 6.
Package biblatex Info: Reference segment=0 on input line 6.
 (./Frontmatter/Frontpage.tex
*geometry* verbose mode - [ newgeometry ] result:
* driver: pdftex
* paper: a4paper
* layout: <same size as paper>
* layoutoffset:(h,v)=(0.0pt,0.0pt)
* modes: twoside 
* h-part:(L,W,R)=(31.29802pt, 534.91183pt, 31.29802pt)
* v-part:(T,H,B)=(142.26378pt, 702.78307pt, 0.0pt)
* \paperwidth=597.50787pt
* \paperheight=845.04684pt
* \textwidth=534.91183pt
* \textheight=702.78307pt
* \oddsidemargin=-40.97197pt
* \evensidemargin=-40.97197pt
* \topmargin=32.99379pt
* \headheight=12.0pt
* \headsep=25.0pt
* \topskip=11.0pt
* \footskip=30.0pt
* \marginparwidth=103.0pt
* \marginparsep=10.0pt
* \columnsep=10.0pt
* \skip\footins=10.0pt plus 4.0pt minus 2.0pt
* \hoffset=0.0pt
* \voffset=0.0pt
* \mag=1000
* \@twocolumnfalse
* \@twosidetrue
* \@mparswitchtrue
* \@reversemarginfalse
* (1in=72.27pt=25.4mm, 1cm=28.453pt)

LaTeX Font Info:    Trying to load font information for U+msa on input line 13.
 (/usr/share/texmf-dist/tex/latex/amsfonts/umsa.fd
File: umsa.fd 2013/01/14 v3.01 AMS symbols A
)
LaTeX Font Info:    Trying to load font information for U+msb on input line 13.
 (/usr/share/texmf-dist/tex/latex/amsfonts/umsb.fd
File: umsb.fd 2013/01/14 v3.01 AMS symbols B
)
Overfull \hbox (12.0pt too wide) in paragraph at lines 13--19
[][]
 []


Underfull \hbox (badness 10000) in paragraph at lines 13--19

 []

<Pictures/Logos/white_cmyk.pdf, id=143, 597.50829pt x 845.0471pt>
File: Pictures/Logos/white_cmyk.pdf Graphic file (type pdf)
<use Pictures/Logos/white_cmyk.pdf>
Package pdftex.def Info: Pictures/Logos/white_cmyk.pdf  used on input line 41.
(pdftex.def)             Requested size: 41.9678pt x 59.35275pt.
<Pictures/DTU_stock_photo.jpg, id=144, 669.09975pt x 602.25pt>
File: Pictures/DTU_stock_photo.jpg Graphic file (type jpg)
<use Pictures/DTU_stock_photo.jpg>
Package pdftex.def Info: Pictures/DTU_stock_photo.jpg  used on input line 50.
(pdftex.def)             Requested size: 597.50821pt x 537.75691pt.
[1


{/var/lib/texmf/fonts/map/pdftex/updmap/pdftex.map} <./Pictures/Logos/white_cmyk.pdf> <./Pictures/DTU_stock_photo.jpg>])
*geometry* verbose mode - [ newgeometry ] result:
* driver: pdftex
* paper: a4paper
* layout: <same size as paper>
* layoutoffset:(h,v)=(0.0pt,0.0pt)
* modes: twoside 
* h-part:(L,W,R)=(99.58464pt, 426.79135pt, 71.13188pt)
* v-part:(T,H,B)=(79.95216pt, 686.84961pt, 78.24507pt)
* \paperwidth=597.50787pt
* \paperheight=845.04684pt
* \textwidth=426.79135pt
* \textheight=686.84961pt
* \oddsidemargin=27.31465pt
* \evensidemargin=-1.1381pt
* \topmargin=-29.31783pt
* \headheight=12.0pt
* \headsep=25.0pt
* \topskip=11.0pt
* \footskip=30.0pt
* \marginparwidth=103.0pt
* \marginparsep=10.0pt
* \columnsep=10.0pt
* \skip\footins=10.0pt plus 4.0pt minus 2.0pt
* \hoffset=0.0pt
* \voffset=0.0pt
* \mag=1000
* \@twocolumnfalse
* \@twosidetrue
* \@mparswitchtrue
* \@reversemarginfalse
* (1in=72.27pt=25.4mm, 1cm=28.453pt)

 [2


] (./Frontmatter/Copyright.tex)
pdfTeX warning (ext4): destination with the same identifier (name{page.i}) has been already used, duplicate ignored
<to be read again> 
                   \relax 
l.15 \clearpage
                [1] (./Frontmatter/Approval.tex
LaTeX Font Info:    Font shape `OT1/cmss/m/it' in size <10> not available
(Font)              Font shape `OT1/cmss/m/sl' tried instead on input line 12.
)
pdfTeX warning (ext4): destination with the same identifier (name{page.ii}) has been already used, duplicate ignored
<to be read again> 
                   \relax 
l.18 \clearpage
                [2

] (./Frontmatter/Abstract.tex) [3


] (./Frontmatter/Acknowledgements.tex

Package hyperref Warning: The anchor of a bookmark and its parent's must not
(hyperref)                be the same. Added a new anchor on input line 2.

) [4

] (./main.toc)
\tf@toc=\write6
\openout6 = `main.toc'.

 [5


] [6

] (./sections/01_introduction.tex
Chapter 1.
[1

] [2]) (./sections/02_theory.tex [3]
Chapter 2.
<figures/refractive_indices.pdf, id=325, 578.16pt x 361.35pt>
File: figures/refractive_indices.pdf Graphic file (type pdf)
<use figures/refractive_indices.pdf>
Package pdftex.def Info: figures/refractive_indices.pdf  used on input line 18.
(pdftex.def)             Requested size: 341.43437pt x 213.39314pt.
[4

 <./figures/refractive_indices.pdf>] [5]
<figures/jsc_integrand_am15g.pdf, id=398, 612.31488pt x 309.25198pt>
File: figures/jsc_integrand_am15g.pdf Graphic file (type pdf)
<use figures/jsc_integrand_am15g.pdf>
Package pdftex.def Info: figures/jsc_integrand_am15g.pdf  used on input line 77.
(pdftex.def)             Requested size: 362.77525pt x 183.21681pt.
<figures/fabry_perot_grid.pdf, id=399, 1156.32pt x 650.43pt>
File: figures/fabry_perot_grid.pdf Graphic file (type pdf)
<use figures/fabry_perot_grid.pdf>
Package pdftex.def Info: figures/fabry_perot_grid.pdf  used on input line 89.
(pdftex.def)             Requested size: 405.45047pt x 228.06082pt.
 [6 <./figures/jsc_integrand_am15g.pdf>]
Underfull \vbox (badness 10000) has occurred while \output is active []

 [7 <./figures/fabry_perot_grid.pdf>] [8] [9]
<figures/Bidirectional.png, id=578, 919.18407pt x 421.575pt>
File: figures/Bidirectional.png Graphic file (type png)
<use figures/Bidirectional.png>
Package pdftex.def Info: figures/Bidirectional.png  used on input line 309.
(pdftex.def)             Requested size: 426.79135pt x 195.7473pt.
 [10] [11 <./figures/Bidirectional.png>] [12] [13]) (./sections/03_methods.tex [14]
Chapter 3.
<figures/convergence/staircase_approx_5.png, id=642, 529.0164pt x 281.853pt>
File: figures/convergence/staircase_approx_5.png Graphic file (type png)
<use figures/convergence/staircase_approx_5.png>
Package pdftex.def Info: figures/convergence/staircase_approx_5.png  used on input line 15.
(pdftex.def)             Requested size: 204.85802pt x 109.14809pt.
<figures/convergence/staircase_approx_no_smoothing_5.png, id=643, 529.0164pt x 281.853pt>
File: figures/convergence/staircase_approx_no_smoothing_5.png Graphic file (type png)
<use figures/convergence/staircase_approx_no_smoothing_5.png>
Package pdftex.def Info: figures/convergence/staircase_approx_no_smoothing_5.png  used on input line 22.
(pdftex.def)             Requested size: 204.85802pt x 109.14809pt.
<figures/convergence/staircase_approx_20.png, id=644, 529.0164pt x 281.853pt>
File: figures/convergence/staircase_approx_20.png Graphic file (type png)
<use figures/convergence/staircase_approx_20.png>
Package pdftex.def Info: figures/convergence/staircase_approx_20.png  used on input line 32.
(pdftex.def)             Requested size: 204.85802pt x 109.14809pt.
<figures/convergence/staircase_approx_no_smoothing_20.png, id=645, 529.0164pt x 281.853pt>
File: figures/convergence/staircase_approx_no_smoothing_20.png Graphic file (type png)
<use figures/convergence/staircase_approx_no_smoothing_20.png>
Package pdftex.def Info: figures/convergence/staircase_approx_no_smoothing_20.png  used on input line 39.
(pdftex.def)             Requested size: 204.85802pt x 109.14809pt.
<figures/convergence/staircase_approx_100.png, id=646, 529.0164pt x 281.853pt>
File: figures/convergence/staircase_approx_100.png Graphic file (type png)
<use figures/convergence/staircase_approx_100.png>
Package pdftex.def Info: figures/convergence/staircase_approx_100.png  used on input line 49.
(pdftex.def)             Requested size: 204.85802pt x 109.14809pt.
<figures/convergence/staircase_approx_no_smoothing_100.png, id=647, 529.0164pt x 281.853pt>
File: figures/convergence/staircase_approx_no_smoothing_100.png Graphic file (type png)
<use figures/convergence/staircase_approx_no_smoothing_100.png>
Package pdftex.def Info: figures/convergence/staircase_approx_no_smoothing_100.png  used on input line 56.
(pdftex.def)             Requested size: 204.85802pt x 109.14809pt.
[15

 <./figures/convergence/staircase_approx_5.png> <./figures/convergence/staircase_approx_no_smoothing_5.png> <./figures/convergence/staircase_approx_20.png> <./figures/convergence/staircase_approx_no_smoothing_20.png> <./figures/convergence/staircase_approx_100.png> <./figures/convergence/staircase_approx_no_smoothing_100.png>]
<figures/convergence/geometry and port.png, id=666, 1315.91624pt x 1008.76875pt>
File: figures/convergence/geometry and port.png Graphic file (type png)
<use figures/convergence/geometry and port.png>
Package pdftex.def Info: figures/convergence/geometry and port.png  used on input line 109.
(pdftex.def)             Requested size: 136.57635pt x 104.68474pt.
<figures/convergence/fine mesh.png, id=667, 1315.91624pt x 1008.76875pt>
File: figures/convergence/fine mesh.png Graphic file (type png)
<use figures/convergence/fine mesh.png>
Package pdftex.def Info: figures/convergence/fine mesh.png  used on input line 117.
(pdftex.def)             Requested size: 136.57635pt x 104.68474pt.
<figures/convergence/very fine mesh.png, id=668, 1315.91624pt x 1008.76875pt>
File: figures/convergence/very fine mesh.png Graphic file (type png)
<use figures/convergence/very fine mesh.png>
Package pdftex.def Info: figures/convergence/very fine mesh.png  used on input line 125.
(pdftex.def)             Requested size: 136.57635pt x 104.68474pt.
 [16] [17 <./figures/convergence/geometry and port.png (PNG copy)> <./figures/convergence/fine mesh.png (PNG copy)> <./figures/convergence/very fine mesh.png (PNG copy)>]
<figures/convergence/convergence_num_layers_100nm.png, id=716, 1156.32pt x 433.62pt>
File: figures/convergence/convergence_num_layers_100nm.png Graphic file (type png)
<use figures/convergence/convergence_num_layers_100nm.png>
Package pdftex.def Info: figures/convergence/convergence_num_layers_100nm.png  used on input line 144.
(pdftex.def)             Requested size: 362.77525pt x 136.03523pt.
<figures/convergence/convergence_order_N_100nm.png, id=722, 1156.32pt x 433.62pt>
File: figures/convergence/convergence_order_N_100nm.png Graphic file (type png)
<use figures/convergence/convergence_order_N_100nm.png>
Package pdftex.def Info: figures/convergence/convergence_order_N_100nm.png  used on input line 157.
(pdftex.def)             Requested size: 362.77525pt x 136.03523pt.
 [18 <./figures/convergence/convergence_num_layers_100nm.png> <./figures/convergence/convergence_order_N_100nm.png>]
<figures/convergence/sweep_combination_100nm.png, id=734, 722.7pt x 578.16pt>
File: figures/convergence/sweep_combination_100nm.png Graphic file (type png)
<use figures/convergence/sweep_combination_100nm.png>
Package pdftex.def Info: figures/convergence/sweep_combination_100nm.png  used on input line 172.
(pdftex.def)             Requested size: 204.85802pt x 163.88629pt.
<figures/convergence/sweep_combination_3d_100nm.png, id=735, 722.7pt x 578.16pt>
File: figures/convergence/sweep_combination_3d_100nm.png Graphic file (type png)
<use figures/convergence/sweep_combination_3d_100nm.png>
Package pdftex.def Info: figures/convergence/sweep_combination_3d_100nm.png  used on input line 173.
(pdftex.def)             Requested size: 204.85802pt x 163.88629pt.
<../Checkpoints/Si_TiO2_Si3N4_frac_0.1/evaluation/forward/all_data/forward_loss_curves.png, id=738, 1734.48pt x 578.16pt>
File: ../Checkpoints/Si_TiO2_Si3N4_frac_0.1/evaluation/forward/all_data/forward_loss_curves.png Graphic file (type png)
<use ../Checkpoints/Si_TiO2_Si3N4_frac_0.1/evaluation/forward/all_data/forward_loss_curves.png>
Package pdftex.def Info: ../Checkpoints/Si_TiO2_Si3N4_frac_0.1/evaluation/forward/all_data/forward_loss_curves.png  used on input line 191.
(pdftex.def)             Requested size: 384.1096pt x 128.03368pt.
<../Checkpoints/Si_TiO2_Si3N4/evaluation/forward/all_data/forward_loss_curves.png, id=739, 1734.48pt x 578.16pt>
File: ../Checkpoints/Si_TiO2_Si3N4/evaluation/forward/all_data/forward_loss_curves.png Graphic file (type png)
<use ../Checkpoints/Si_TiO2_Si3N4/evaluation/forward/all_data/forward_loss_curves.png>
Package pdftex.def Info: ../Checkpoints/Si_TiO2_Si3N4/evaluation/forward/all_data/forward_loss_curves.png  used on input line 201.
(pdftex.def)             Requested size: 384.1096pt x 128.03368pt.
 [19 <./figures/convergence/sweep_combination_100nm.png> <./figures/convergence/sweep_combination_3d_100nm.png>] [20 <../Checkpoints/Si_TiO2_Si3N4_frac_0.1/evaluation/forward/all_data/forward_loss_curves.png> <../Checkpoints/Si_TiO2_Si3N4/evaluation/forward/all_data/forward_loss_curves.png>] [21]) (./sections/04_results.tex [22]
Chapter 4.
[23

]
<../Data/LHS_Dataset_Si/evaluation/all_data/dataset_baseline_2d_A_film_both_all_data_scatter.png, id=826, 578.16pt x 433.62pt>
File: ../Data/LHS_Dataset_Si/evaluation/all_data/dataset_baseline_2d_A_film_both_all_data_scatter.png Graphic file (type png)
<use ../Data/LHS_Dataset_Si/evaluation/all_data/dataset_baseline_2d_A_film_both_all_data_scatter.png>
Package pdftex.def Info: ../Data/LHS_Dataset_Si/evaluation/all_data/dataset_baseline_2d_A_film_both_all_data_scatter.png  used on input line 45.
(pdftex.def)             Requested size: 204.85802pt x 153.64174pt.
<../Data/LHS_Dataset_Si/evaluation/all_data/dataset_baseline_2d_jsc_A_film_both_all_data_scatter.png, id=827, 578.16pt x 433.62pt>
File: ../Data/LHS_Dataset_Si/evaluation/all_data/dataset_baseline_2d_jsc_A_film_both_all_data_scatter.png Graphic file (type png)
<use ../Data/LHS_Dataset_Si/evaluation/all_data/dataset_baseline_2d_jsc_A_film_both_all_data_scatter.png>
Package pdftex.def Info: ../Data/LHS_Dataset_Si/evaluation/all_data/dataset_baseline_2d_jsc_A_film_both_all_data_scatter.png  used on input line 51.
(pdftex.def)             Requested size: 204.85802pt x 153.64174pt.
<../Checkpoints/Si_TiO2_Si3N4/evaluation/dataset_baseline/jsc/dataset_metric_histogram.png, id=830, 650.43pt x 505.89pt>
File: ../Checkpoints/Si_TiO2_Si3N4/evaluation/dataset_baseline/jsc/dataset_metric_histogram.png Graphic file (type png)
<use ../Checkpoints/Si_TiO2_Si3N4/evaluation/dataset_baseline/jsc/dataset_metric_histogram.png>
Package pdftex.def Info: ../Checkpoints/Si_TiO2_Si3N4/evaluation/dataset_baseline/jsc/dataset_metric_histogram.png  used on input line 69.
(pdftex.def)             Requested size: 204.85802pt x 159.33302pt.
<../Checkpoints/Si_TiO2_Si3N4/evaluation/dataset_baseline/all_data/dataset_metric_histogram.png, id=831, 650.43pt x 505.89pt>
File: ../Checkpoints/Si_TiO2_Si3N4/evaluation/dataset_baseline/all_data/dataset_metric_histogram.png Graphic file (type png)
<use ../Checkpoints/Si_TiO2_Si3N4/evaluation/dataset_baseline/all_data/dataset_metric_histogram.png>
Package pdftex.def Info: ../Checkpoints/Si_TiO2_Si3N4/evaluation/dataset_baseline/all_data/dataset_metric_histogram.png  used on input line 77.
(pdftex.def)             Requested size: 204.85802pt x 159.33302pt.
 [24 <../Data/LHS_Dataset_Si/evaluation/all_data/dataset_baseline_2d_A_film_both_all_data_scatter.png> <../Data/LHS_Dataset_Si/evaluation/all_data/dataset_baseline_2d_jsc_A_film_both_all_data_scatter.png>] (./tables/frac_models_stats.tex) [25 <../Checkpoints/Si_TiO2_Si3N4/evaluation/dataset_baseline/jsc/dataset_metric_histogram.png> <../Checkpoints/Si_TiO2_Si3N4/evaluation/dataset_baseline/all_data/dataset_metric_histogram.png>]
<../Checkpoints/Si_TiO2_Si3N4/evaluation/forward/all_data/forward_spectrum_samples_skip_cnn.png, id=858, 2312.64pt x 1084.05pt>
File: ../Checkpoints/Si_TiO2_Si3N4/evaluation/forward/all_data/forward_spectrum_samples_skip_cnn.png Graphic file (type png)
<use ../Checkpoints/Si_TiO2_Si3N4/evaluation/forward/all_data/forward_spectrum_samples_skip_cnn.png>
Package pdftex.def Info: ../Checkpoints/Si_TiO2_Si3N4/evaluation/forward/all_data/forward_spectrum_samples_skip_cnn.png  used on input line 117.
(pdftex.def)             Requested size: 426.79135pt x 200.04987pt.
<../Checkpoints/Si_TiO2_Si3N4_frac_0.1/evaluation/forward/all_data/forward_parity.png, id=859, 1734.48pt x 614.295pt>
File: ../Checkpoints/Si_TiO2_Si3N4_frac_0.1/evaluation/forward/all_data/forward_parity.png Graphic file (type png)
<use ../Checkpoints/Si_TiO2_Si3N4_frac_0.1/evaluation/forward/all_data/forward_parity.png>
Package pdftex.def Info: ../Checkpoints/Si_TiO2_Si3N4_frac_0.1/evaluation/forward/all_data/forward_parity.png  used on input line 129.
(pdftex.def)             Requested size: 341.43437pt x 120.91652pt.
<../Checkpoints/Si_TiO2_Si3N4_frac_0.25/evaluation/forward/all_data/forward_parity.png, id=860, 1734.48pt x 614.295pt>
File: ../Checkpoints/Si_TiO2_Si3N4_frac_0.25/evaluation/forward/all_data/forward_parity.png Graphic file (type png)
<use ../Checkpoints/Si_TiO2_Si3N4_frac_0.25/evaluation/forward/all_data/forward_parity.png>
Package pdftex.def Info: ../Checkpoints/Si_TiO2_Si3N4_frac_0.25/evaluation/forward/all_data/forward_parity.png  used on input line 136.
(pdftex.def)             Requested size: 341.43437pt x 120.91652pt.
<../Checkpoints/Si_TiO2_Si3N4_frac_0.5/evaluation/forward/all_data/forward_parity.png, id=861, 1734.48pt x 614.295pt>
File: ../Checkpoints/Si_TiO2_Si3N4_frac_0.5/evaluation/forward/all_data/forward_parity.png Graphic file (type png)
<use ../Checkpoints/Si_TiO2_Si3N4_frac_0.5/evaluation/forward/all_data/forward_parity.png>
Package pdftex.def Info: ../Checkpoints/Si_TiO2_Si3N4_frac_0.5/evaluation/forward/all_data/forward_parity.png  used on input line 143.
(pdftex.def)             Requested size: 341.43437pt x 120.91652pt.
<../Checkpoints/Si_TiO2_Si3N4/evaluation/forward/all_data/forward_parity.png, id=862, 1734.48pt x 614.295pt>
File: ../Checkpoints/Si_TiO2_Si3N4/evaluation/forward/all_data/forward_parity.png Graphic file (type png)
<use ../Checkpoints/Si_TiO2_Si3N4/evaluation/forward/all_data/forward_parity.png>
Package pdftex.def Info: ../Checkpoints/Si_TiO2_Si3N4/evaluation/forward/all_data/forward_parity.png  used on input line 149.
(pdftex.def)             Requested size: 341.43437pt x 120.91652pt.
<../Checkpoints/Si_TiO2_Si3N4/evaluation/forward/all_data/histogram_forward_mlp.png, id=863, 1011.78pt x 578.16pt>
File: ../Checkpoints/Si_TiO2_Si3N4/evaluation/forward/all_data/histogram_forward_mlp.png Graphic file (type png)
<use ../Checkpoints/Si_TiO2_Si3N4/evaluation/forward/all_data/histogram_forward_mlp.png>
Package pdftex.def Info: ../Checkpoints/Si_TiO2_Si3N4/evaluation/forward/all_data/histogram_forward_mlp.png  used on input line 164.
(pdftex.def)             Requested size: 341.43437pt x 195.10735pt.
<../Checkpoints/Si_TiO2_Si3N4/evaluation/forward/all_data/histogram_skip_cnn.png, id=864, 1011.78pt x 578.16pt>
File: ../Checkpoints/Si_TiO2_Si3N4/evaluation/forward/all_data/histogram_skip_cnn.png Graphic file (type png)
<use ../Checkpoints/Si_TiO2_Si3N4/evaluation/forward/all_data/histogram_skip_cnn.png>
Package pdftex.def Info: ../Checkpoints/Si_TiO2_Si3N4/evaluation/forward/all_data/histogram_skip_cnn.png  used on input line 171.
(pdftex.def)             Requested size: 341.43437pt x 195.10735pt.
<../Checkpoints/Si_TiO2_Si3N4/evaluation/forward/all_data/histogram_siren.png, id=865, 1011.78pt x 578.16pt>
File: ../Checkpoints/Si_TiO2_Si3N4/evaluation/forward/all_data/histogram_siren.png Graphic file (type png)
<use ../Checkpoints/Si_TiO2_Si3N4/evaluation/forward/all_data/histogram_siren.png>
Package pdftex.def Info: ../Checkpoints/Si_TiO2_Si3N4/evaluation/forward/all_data/histogram_siren.png  used on input line 178.
(pdftex.def)             Requested size: 341.43437pt x 195.10735pt.
 [26 <../Checkpoints/Si_TiO2_Si3N4/evaluation/forward/all_data/forward_spectrum_samples_skip_cnn.png>] [27 <../Checkpoints/Si_TiO2_Si3N4_frac_0.1/evaluation/forward/all_data/forward_parity.png> <../Checkpoints/Si_TiO2_Si3N4_frac_0.25/evaluation/forward/all_data/forward_parity.png> <../Checkpoints/Si_TiO2_Si3N4_frac_0.5/evaluation/forward/all_data/forward_parity.png> <../Checkpoints/Si_TiO2_Si3N4/evaluation/forward/all_data/forward_parity.png>] [28 <../Checkpoints/Si_TiO2_Si3N4/evaluation/forward/all_data/histogram_forward_mlp.png> <../Checkpoints/Si_TiO2_Si3N4/evaluation/forward/all_data/histogram_skip_cnn.png> <../Checkpoints/Si_TiO2_Si3N4/evaluation/forward/all_data/histogram_siren.png>]

Package caption Warning: \label without proper reference on input line 249.
See the caption package documentation for explanation.


LaTeX Warning: Reference `fig:surrogateOptHist' on page 29 undefined on input line 188.

<../Checkpoints/Si_TiO2_Si3N4/evaluation/surrogate_optimization/inc0.0_forward_mlp/optimization_history_geometry.png, id=892, 578.16pt x 433.62pt>
File: ../Checkpoints/Si_TiO2_Si3N4/evaluation/surrogate_optimization/inc0.0_forward_mlp/optimization_history_geometry.png Graphic file (type png)
<use ../Checkpoints/Si_TiO2_Si3N4/evaluation/surrogate_optimization/inc0.0_forward_mlp/optimization_history_geometry.png>
Package pdftex.def Info: ../Checkpoints/Si_TiO2_Si3N4/evaluation/surrogate_optimization/inc0.0_forward_mlp/optimization_history_geometry.png  used on input line 193.
(pdftex.def)             Requested size: 426.79135pt x 320.09303pt.
<../Checkpoints/Si_TiO2_Si3N4/evaluation/surrogate_optimization/inc0.0_forward_mlp/surrogate_optimization_geometry.png, id=893, 2746.26pt x 1517.67pt>
File: ../Checkpoints/Si_TiO2_Si3N4/evaluation/surrogate_optimization/inc0.0_forward_mlp/surrogate_optimization_geometry.png Graphic file (type png)
<use ../Checkpoints/Si_TiO2_Si3N4/evaluation/surrogate_optimization/inc0.0_forward_mlp/surrogate_optimization_geometry.png>
Package pdftex.def Info: ../Checkpoints/Si_TiO2_Si3N4/evaluation/surrogate_optimization/inc0.0_forward_mlp/surrogate_optimization_geometry.png  used on input line 200.
(pdftex.def)             Requested size: 426.79135pt x 235.83852pt.
[29 <../Checkpoints/Si_TiO2_Si3N4/evaluation/surrogate_optimization/inc0.0_forward_mlp/optimization_history_geometry.png>] [30 <../Checkpoints/Si_TiO2_Si3N4/evaluation/surrogate_optimization/inc0.0_forward_mlp/surrogate_optimization_geometry.png>] [31]
<../Results/Naive_Optimization_Bounded/naive_optimization_lbfgs_broadband_Si.png, id=924, 1734.48pt x 433.62pt>
File: ../Results/Naive_Optimization_Bounded/naive_optimization_lbfgs_broadband_Si.png Graphic file (type png)
<use ../Results/Naive_Optimization_Bounded/naive_optimization_lbfgs_broadband_Si.png>
Package pdftex.def Info: ../Results/Naive_Optimization_Bounded/naive_optimization_lbfgs_broadband_Si.png  used on input line 275.
(pdftex.def)             Requested size: 426.79135pt x 106.69768pt.
 [32]) (./sections/05_outlook.tex [33 <../Results/Naive_Optimization_Bounded/naive_optimization_lbfgs_broadband_Si.png>]
Chapter 5.
) (./sections/06_conclusion.tex [34

]
Chapter 6.
) [35

] [36

]
LaTeX Font Info:    Font shape `OT1/cmss/m/it' in size <10.95> not available
(Font)              Font shape `OT1/cmss/m/sl' tried instead on input line 37.


LaTeX Font Warning: Font shape `OT1/cmss/m/sc' in size <10.95> not available
(Font)              Font shape `OT1/cmr/m/sc' tried instead on input line 37.


Overfull \hbox (3.53912pt too wide) in paragraph at lines 37--37
\OT1/cmss/m/n/10.95 2022 . 108552$[]. \OT1/cmr/m/sc/10.95 url\OT1/cmss/m/n/10.95 : []$https : / / www . sciencedirect . com / science / article / pii / S0010465522002715$[]. 
 []


Overfull \hbox (1.67307pt too wide) in paragraph at lines 37--37
\OT1/cmss/m/n/10.95 Nanopho-tonic De-vices". In: \OT1/cmss/m/sl/10.95 ACS Pho-ton-ics \OT1/cmss/m/n/10.95 5.12, pp. 4781{4787. \OT1/cmr/m/sc/10.95 doi\OT1/cmss/m/n/10.95 : []$10 . 1021 / acsphotonics .
 []

[37

] [38] (./Backmatter/Appendix.tex
Appendix A.
<figures/Erbas2024.png, id=1000, 1185.67969pt x 633.11531pt>
File: figures/Erbas2024.png Graphic file (type png)
<use figures/Erbas2024.png>
Package pdftex.def Info: figures/Erbas2024.png  used on input line 5.
(pdftex.def)             Requested size: 426.79135pt x 227.89235pt.
<figures/Erbas2024_2.png, id=1003, 1073.51062pt x 423.08063pt>
File: figures/Erbas2024_2.png Graphic file (type png)
<use figures/Erbas2024_2.png>
Package pdftex.def Info: figures/Erbas2024_2.png  used on input line 12.
(pdftex.def)             Requested size: 426.79135pt x 168.20279pt.
<figures/Erbas2024_3.png, id=1008, 1085.55562pt x 633.11531pt>
File: figures/Erbas2024_3.png Graphic file (type png)
<use figures/Erbas2024_3.png>
Package pdftex.def Info: figures/Erbas2024_3.png  used on input line 19.
(pdftex.def)             Requested size: 426.79135pt x 248.9137pt.
<figures/convergence/convergence_num_layers_1000nm.png, id=1015, 1156.32pt x 433.62pt>
File: figures/convergence/convergence_num_layers_1000nm.png Graphic file (type png)
<use figures/convergence/convergence_num_layers_1000nm.png>
Package pdftex.def Info: figures/convergence/convergence_num_layers_1000nm.png  used on input line 33.
(pdftex.def)             Requested size: 362.77525pt x 136.03523pt.
<figures/convergence/convergence_order_N_1000nm.png, id=1016, 1156.32pt x 433.62pt>
File: figures/convergence/convergence_order_N_1000nm.png Graphic file (type png)
<use figures/convergence/convergence_order_N_1000nm.png>
Package pdftex.def Info: figures/convergence/convergence_order_N_1000nm.png  used on input line 40.
(pdftex.def)             Requested size: 362.77525pt x 136.03523pt.
<figures/convergence/sweep_combination_1000nm.png, id=1017, 722.7pt x 578.16pt>
File: figures/convergence/sweep_combination_1000nm.png Graphic file (type png)
<use figures/convergence/sweep_combination_1000nm.png>
Package pdftex.def Info: figures/convergence/sweep_combination_1000nm.png  used on input line 47.
(pdftex.def)             Requested size: 204.85802pt x 163.88629pt.
<figures/convergence/sweep_combination_3d_1000nm.png, id=1018, 722.7pt x 578.16pt>
File: figures/convergence/sweep_combination_3d_1000nm.png Graphic file (type png)
<use figures/convergence/sweep_combination_3d_1000nm.png>
Package pdftex.def Info: figures/convergence/sweep_combination_3d_1000nm.png  used on input line 48.
(pdftex.def)             Requested size: 204.85802pt x 163.88629pt.
[39


 <./figures/Erbas2024.png> <./figures/Erbas2024_2.png>] [40 <./figures/Erbas2024_3.png> <./figures/convergence/convergence_num_layers_1000nm.png> <./figures/convergence/convergence_order_N_1000nm.png>] [41 <./figures/convergence/sweep_combination_1000nm.png> <./figures/convergence/sweep_combination_3d_1000nm.png>]
<figures/convergence/convergence_num_layers_no_subpixel_100nm.png, id=1045, 1156.32pt x 433.62pt>
File: figures/convergence/convergence_num_layers_no_subpixel_100nm.png Graphic file (type png)
<use figures/convergence/convergence_num_layers_no_subpixel_100nm.png>
Package pdftex.def Info: figures/convergence/convergence_num_layers_no_subpixel_100nm.png  used on input line 60.
(pdftex.def)             Requested size: 362.77525pt x 136.03523pt.
<figures/convergence/convergence_order_N_no_subpixel_100nm.png, id=1046, 1156.32pt x 433.62pt>
File: figures/convergence/convergence_order_N_no_subpixel_100nm.png Graphic file (type png)
<use figures/convergence/convergence_order_N_no_subpixel_100nm.png>
Package pdftex.def Info: figures/convergence/convergence_order_N_no_subpixel_100nm.png  used on input line 67.
(pdftex.def)             Requested size: 362.77525pt x 136.03523pt.
<figures/convergence/sweep_combination_no_subpixel_100nm.png, id=1047, 722.7pt x 578.16pt>
File: figures/convergence/sweep_combination_no_subpixel_100nm.png Graphic file (type png)
<use figures/convergence/sweep_combination_no_subpixel_100nm.png>
Package pdftex.def Info: figures/convergence/sweep_combination_no_subpixel_100nm.png  used on input line 74.
(pdftex.def)             Requested size: 204.85802pt x 163.88629pt.
<figures/convergence/convergence_num_layers_no_subpixel_1000nm.png, id=1048, 1156.32pt x 433.62pt>
File: figures/convergence/convergence_num_layers_no_subpixel_1000nm.png Graphic file (type png)
<use figures/convergence/convergence_num_layers_no_subpixel_1000nm.png>
Package pdftex.def Info: figures/convergence/convergence_num_layers_no_subpixel_1000nm.png  used on input line 81.
(pdftex.def)             Requested size: 362.77525pt x 136.03523pt.
<figures/convergence/convergence_order_N_no_subpixel_1000nm.png, id=1049, 1156.32pt x 433.62pt>
File: figures/convergence/convergence_order_N_no_subpixel_1000nm.png Graphic file (type png)
<use figures/convergence/convergence_order_N_no_subpixel_1000nm.png>
Package pdftex.def Info: figures/convergence/convergence_order_N_no_subpixel_1000nm.png  used on input line 88.
(pdftex.def)             Requested size: 362.77525pt x 136.03523pt.
<figures/convergence/sweep_combination_no_subpixel_1000nm.png, id=1050, 722.7pt x 578.16pt>
File: figures/convergence/sweep_combination_no_subpixel_1000nm.png Graphic file (type png)
<use figures/convergence/sweep_combination_no_subpixel_1000nm.png>
Package pdftex.def Info: figures/convergence/sweep_combination_no_subpixel_1000nm.png  used on input line 95.
(pdftex.def)             Requested size: 204.85802pt x 163.88629pt.
 [42

 <./figures/convergence/convergence_num_layers_no_subpixel_100nm.png> <./figures/convergence/convergence_order_N_no_subpixel_100nm.png>] [43 <./figures/convergence/sweep_combination_no_subpixel_100nm.png> <./figures/convergence/convergence_num_layers_no_subpixel_1000nm.png> <./figures/convergence/convergence_order_N_no_subpixel_1000nm.png>] [44 <./figures/convergence/sweep_combination_no_subpixel_1000nm.png>]
<figures/convergence/spectra_num_layers_100nm_L1.png, id=1074, 722.7pt x 722.7pt>
File: figures/convergence/spectra_num_layers_100nm_L1.png Graphic file (type png)
<use figures/convergence/spectra_num_layers_100nm_L1.png>
Package pdftex.def Info: figures/convergence/spectra_num_layers_100nm_L1.png  used on input line 106.
(pdftex.def)             Requested size: 384.1096pt x 384.10986pt.
<figures/convergence/spectra_num_layers_100nm_L10.png, id=1077, 722.7pt x 722.7pt>
File: figures/convergence/spectra_num_layers_100nm_L10.png Graphic file (type png)
<use figures/convergence/spectra_num_layers_100nm_L10.png>
Package pdftex.def Info: figures/convergence/spectra_num_layers_100nm_L10.png  used on input line 113.
(pdftex.def)             Requested size: 384.1096pt x 384.10986pt.
<figures/convergence/spectra_num_layers_100nm_L25.png, id=1080, 722.7pt x 722.7pt>
File: figures/convergence/spectra_num_layers_100nm_L25.png Graphic file (type png)
<use figures/convergence/spectra_num_layers_100nm_L25.png>
Package pdftex.def Info: figures/convergence/spectra_num_layers_100nm_L25.png  used on input line 120.
(pdftex.def)             Requested size: 384.1096pt x 384.10986pt.
<figures/convergence/spectra_num_layers_100nm_L100.png, id=1083, 722.7pt x 722.7pt>
File: figures/convergence/spectra_num_layers_100nm_L100.png Graphic file (type png)
<use figures/convergence/spectra_num_layers_100nm_L100.png>
Package pdftex.def Info: figures/convergence/spectra_num_layers_100nm_L100.png  used on input line 127.
(pdftex.def)             Requested size: 384.1096pt x 384.10986pt.
File: ../Data/LHS_Dataset_Si/evaluation/all_data/dataset_baseline_2d_A_film_both_all_data_scatter.png Graphic file (type png)
<use ../Data/LHS_Dataset_Si/evaluation/all_data/dataset_baseline_2d_A_film_both_all_data_scatter.png>
Package pdftex.def Info: ../Data/LHS_Dataset_Si/evaluation/all_data/dataset_baseline_2d_A_film_both_all_data_scatter.png  used on input line 140.
(pdftex.def)             Requested size: 204.85802pt x 153.64174pt.
File: ../Data/LHS_Dataset_Si/evaluation/all_data/dataset_baseline_2d_jsc_A_film_both_all_data_scatter.png Graphic file (type png)
<use ../Data/LHS_Dataset_Si/evaluation/all_data/dataset_baseline_2d_jsc_A_film_both_all_data_scatter.png>
Package pdftex.def Info: ../Data/LHS_Dataset_Si/evaluation/all_data/dataset_baseline_2d_jsc_A_film_both_all_data_scatter.png  used on input line 145.
(pdftex.def)             Requested size: 204.85802pt x 153.64174pt.
<../Data/LHS_Dataset_TiO2/evaluation/all_data/dataset_baseline_2d_A_film_both_all_data_scatter.png, id=1086, 578.16pt x 433.62pt>
File: ../Data/LHS_Dataset_TiO2/evaluation/all_data/dataset_baseline_2d_A_film_both_all_data_scatter.png Graphic file (type png)
<use ../Data/LHS_Dataset_TiO2/evaluation/all_data/dataset_baseline_2d_A_film_both_all_data_scatter.png>
Package pdftex.def Info: ../Data/LHS_Dataset_TiO2/evaluation/all_data/dataset_baseline_2d_A_film_both_all_data_scatter.png  used on input line 154.
(pdftex.def)             Requested size: 204.85802pt x 153.64174pt.
<../Data/LHS_Dataset_TiO2/evaluation/all_data/dataset_baseline_2d_jsc_A_film_both_all_data_scatter.png, id=1087, 578.16pt x 433.62pt>
File: ../Data/LHS_Dataset_TiO2/evaluation/all_data/dataset_baseline_2d_jsc_A_film_both_all_data_scatter.png Graphic file (type png)
<use ../Data/LHS_Dataset_TiO2/evaluation/all_data/dataset_baseline_2d_jsc_A_film_both_all_data_scatter.png>
Package pdftex.def Info: ../Data/LHS_Dataset_TiO2/evaluation/all_data/dataset_baseline_2d_jsc_A_film_both_all_data_scatter.png  used on input line 160.
(pdftex.def)             Requested size: 204.85802pt x 153.64174pt.
<../Data/LHS_Dataset_Si3N4/evaluation/all_data/dataset_baseline_2d_A_film_both_all_data_scatter.png, id=1088, 578.16pt x 433.62pt>
File: ../Data/LHS_Dataset_Si3N4/evaluation/all_data/dataset_baseline_2d_A_film_both_all_data_scatter.png Graphic file (type png)
<use ../Data/LHS_Dataset_Si3N4/evaluation/all_data/dataset_baseline_2d_A_film_both_all_data_scatter.png>
Package pdftex.def Info: ../Data/LHS_Dataset_Si3N4/evaluation/all_data/dataset_baseline_2d_A_film_both_all_data_scatter.png  used on input line 172.
(pdftex.def)             Requested size: 204.85802pt x 153.64174pt.
<../Data/LHS_Dataset_Si3N4/evaluation/all_data/dataset_baseline_2d_jsc_A_film_both_all_data_scatter.png, id=1089, 578.16pt x 433.62pt>
File: ../Data/LHS_Dataset_Si3N4/evaluation/all_data/dataset_baseline_2d_jsc_A_film_both_all_data_scatter.png Graphic file (type png)
<use ../Data/LHS_Dataset_Si3N4/evaluation/all_data/dataset_baseline_2d_jsc_A_film_both_all_data_scatter.png>
Package pdftex.def Info: ../Data/LHS_Dataset_Si3N4/evaluation/all_data/dataset_baseline_2d_jsc_A_film_both_all_data_scatter.png  used on input line 178.
(pdftex.def)             Requested size: 204.85802pt x 153.64174pt.
<../Data/LHS_3D_Dataset_Si/evaluation/all_data/dataset_baseline_3d_A_film_normal_both_all_data.png, id=1090, 1084.05pt x 433.62pt>
File: ../Data/LHS_3D_Dataset_Si/evaluation/all_data/dataset_baseline_3d_A_film_normal_both_all_data.png Graphic file (type png)
<use ../Data/LHS_3D_Dataset_Si/evaluation/all_data/dataset_baseline_3d_A_film_normal_both_all_data.png>
Package pdftex.def Info: ../Data/LHS_3D_Dataset_Si/evaluation/all_data/dataset_baseline_3d_A_film_normal_both_all_data.png  used on input line 189.
(pdftex.def)             Requested size: 426.79135pt x 170.71892pt.
<../Data/LHS_3D_Dataset_TiO2/evaluation/all_data/dataset_baseline_3d_A_film_normal_both_all_data.png, id=1091, 1084.05pt x 433.62pt>
File: ../Data/LHS_3D_Dataset_TiO2/evaluation/all_data/dataset_baseline_3d_A_film_normal_both_all_data.png Graphic file (type png)
<use ../Data/LHS_3D_Dataset_TiO2/evaluation/all_data/dataset_baseline_3d_A_film_normal_both_all_data.png>
Package pdftex.def Info: ../Data/LHS_3D_Dataset_TiO2/evaluation/all_data/dataset_baseline_3d_A_film_normal_both_all_data.png  used on input line 198.
(pdftex.def)             Requested size: 426.79135pt x 170.71892pt.
<../Data/LHS_3D_Dataset_Si3N4/evaluation/all_data/dataset_baseline_3d_A_film_normal_both_all_data.png, id=1092, 1084.05pt x 433.62pt>
File: ../Data/LHS_3D_Dataset_Si3N4/evaluation/all_data/dataset_baseline_3d_A_film_normal_both_all_data.png Graphic file (type png)
<use ../Data/LHS_3D_Dataset_Si3N4/evaluation/all_data/dataset_baseline_3d_A_film_normal_both_all_data.png>
Package pdftex.def Info: ../Data/LHS_3D_Dataset_Si3N4/evaluation/all_data/dataset_baseline_3d_A_film_normal_both_all_data.png  used on input line 207.
(pdftex.def)             Requested size: 426.79135pt x 170.71892pt.
<../Checkpoints/Si_TiO2_Si3N4/evaluation/forward/all_data/forward_spectrum_samples_forward_mlp.png, id=1093, 2312.64pt x 1084.05pt>
File: ../Checkpoints/Si_TiO2_Si3N4/evaluation/forward/all_data/forward_spectrum_samples_forward_mlp.png Graphic file (type png)
<use ../Checkpoints/Si_TiO2_Si3N4/evaluation/forward/all_data/forward_spectrum_samples_forward_mlp.png>
Package pdftex.def Info: ../Checkpoints/Si_TiO2_Si3N4/evaluation/forward/all_data/forward_spectrum_samples_forward_mlp.png  used on input line 215.
(pdftex.def)             Requested size: 384.1096pt x 180.0515pt.
<../Checkpoints/Si_TiO2_Si3N4/evaluation/forward/all_data/forward_spectrum_samples_siren.png, id=1094, 2312.64pt x 1084.05pt>
File: ../Checkpoints/Si_TiO2_Si3N4/evaluation/forward/all_data/forward_spectrum_samples_siren.png Graphic file (type png)
<use ../Checkpoints/Si_TiO2_Si3N4/evaluation/forward/all_data/forward_spectrum_samples_siren.png>
Package pdftex.def Info: ../Checkpoints/Si_TiO2_Si3N4/evaluation/forward/all_data/forward_spectrum_samples_siren.png  used on input line 220.
(pdftex.def)             Requested size: 384.1096pt x 180.0515pt.
<../Checkpoints/Si_TiO2_Si3N4/evaluation/surrogate_optimization/inc0.0_skip_cnn/optimization_history_geometry.png, id=1095, 578.16pt x 433.62pt>
File: ../Checkpoints/Si_TiO2_Si3N4/evaluation/surrogate_optimization/inc0.0_skip_cnn/optimization_history_geometry.png Graphic file (type png)
<use ../Checkpoints/Si_TiO2_Si3N4/evaluation/surrogate_optimization/inc0.0_skip_cnn/optimization_history_geometry.png>
Package pdftex.def Info: ../Checkpoints/Si_TiO2_Si3N4/evaluation/surrogate_optimization/inc0.0_skip_cnn/optimization_history_geometry.png  used on input line 227.
(pdftex.def)             Requested size: 384.1096pt x 288.0824pt.
<../Checkpoints/Si_TiO2_Si3N4/evaluation/surrogate_optimization/inc0.0_skip_cnn/surrogate_optimization_geometry.png, id=1096, 2746.26pt x 1517.67pt>
File: ../Checkpoints/Si_TiO2_Si3N4/evaluation/surrogate_optimization/inc0.0_skip_cnn/surrogate_optimization_geometry.png Graphic file (type png)
<use ../Checkpoints/Si_TiO2_Si3N4/evaluation/surrogate_optimization/inc0.0_skip_cnn/surrogate_optimization_geometry.png>
Package pdftex.def Info: ../Checkpoints/Si_TiO2_Si3N4/evaluation/surrogate_optimization/inc0.0_skip_cnn/surrogate_optimization_geometry.png  used on input line 234.
(pdftex.def)             Requested size: 384.1096pt x 212.26393pt.
<../Checkpoints/Si_TiO2_Si3N4/evaluation/surrogate_optimization/inc0.0_siren/optimization_history_geometry.png, id=1097, 578.16pt x 433.62pt>
File: ../Checkpoints/Si_TiO2_Si3N4/evaluation/surrogate_optimization/inc0.0_siren/optimization_history_geometry.png Graphic file (type png)
<use ../Checkpoints/Si_TiO2_Si3N4/evaluation/surrogate_optimization/inc0.0_siren/optimization_history_geometry.png>
Package pdftex.def Info: ../Checkpoints/Si_TiO2_Si3N4/evaluation/surrogate_optimization/inc0.0_siren/optimization_history_geometry.png  used on input line 241.
(pdftex.def)             Requested size: 384.1096pt x 288.0824pt.
<../Checkpoints/Si_TiO2_Si3N4/evaluation/surrogate_optimization/inc0.0_siren/surrogate_optimization_geometry.png, id=1098, 2746.26pt x 1517.67pt>
File: ../Checkpoints/Si_TiO2_Si3N4/evaluation/surrogate_optimization/inc0.0_siren/surrogate_optimization_geometry.png Graphic file (type png)
<use ../Checkpoints/Si_TiO2_Si3N4/evaluation/surrogate_optimization/inc0.0_siren/surrogate_optimization_geometry.png>
Package pdftex.def Info: ../Checkpoints/Si_TiO2_Si3N4/evaluation/surrogate_optimization/inc0.0_siren/surrogate_optimization_geometry.png  used on input line 248.
(pdftex.def)             Requested size: 384.1096pt x 212.26393pt.
) [45

 <./figures/convergence/spectra_num_layers_100nm_L1.png>] [46 <./figures/convergence/spectra_num_layers_100nm_L10.png>] [47 <./figures/convergence/spectra_num_layers_100nm_L25.png>] [48 <./figures/convergence/spectra_num_layers_100nm_L100.png>] [49 <../Data/LHS_Dataset_TiO2/evaluation/all_data/dataset_baseline_2d_A_film_both_all_data_scatter.png> <../Data/LHS_Dataset_TiO2/evaluation/all_data/dataset_baseline_2d_jsc_A_film_both_all_data_scatter.png> <../Data/LHS_Dataset_Si3N4/evaluation/all_data/dataset_baseline_2d_A_film_both_all_data_scatter.png> <../Data/LHS_Dataset_Si3N4/evaluation/all_data/dataset_baseline_2d_jsc_A_film_both_all_data_scatter.png> <../Data/LHS_3D_Dataset_Si/evaluation/all_data/dataset_baseline_3d_A_film_normal_both_all_data.png>] [50 <../Data/LHS_3D_Dataset_TiO2/evaluation/all_data/dataset_baseline_3d_A_film_normal_both_all_data.png> <../Data/LHS_3D_Dataset_Si3N4/evaluation/all_data/dataset_baseline_3d_A_film_normal_both_all_data.png> <../Checkpoints/Si_TiO2_Si3N4/evaluation/forward/all_data/forward_spectrum_samples_forward_mlp.png>] [51 <../Checkpoints/Si_TiO2_Si3N4/evaluation/forward/all_data/forward_spectrum_samples_siren.png> <../Checkpoints/Si_TiO2_Si3N4/evaluation/surrogate_optimization/inc0.0_skip_cnn/optimization_history_geometry.png>] [52 <../Checkpoints/Si_TiO2_Si3N4/evaluation/surrogate_optimization/inc0.0_skip_cnn/surrogate_optimization_geometry.png> <../Checkpoints/Si_TiO2_Si3N4/evaluation/surrogate_optimization/inc0.0_siren/optimization_history_geometry.png>] [53 <../Checkpoints/Si_TiO2_Si3N4/evaluation/surrogate_optimization/inc0.0_siren/surrogate_optimization_geometry.png>] (./Backmatter/Backpage.tex
*geometry* verbose mode - [ newgeometry ] result:
* driver: pdftex
* paper: a4paper
* layout: <same size as paper>
* layoutoffset:(h,v)=(0.0pt,0.0pt)
* modes: twoside 
* h-part:(L,W,R)=(79.66771pt, 478.00632pt, 39.83385pt)
* v-part:(T,H,B)=(119.50157pt, 685.71143pt, 39.83385pt)
* \paperwidth=597.50787pt
* \paperheight=845.04684pt
* \textwidth=478.00632pt
* \textheight=685.71143pt
* \oddsidemargin=7.39772pt
* \evensidemargin=-32.43614pt
* \topmargin=10.23158pt
* \headheight=12.0pt
* \headsep=25.0pt
* \topskip=11.0pt
* \footskip=30.0pt
* \marginparwidth=103.0pt
* \marginparsep=10.0pt
* \columnsep=10.0pt
* \skip\footins=10.0pt plus 4.0pt minus 2.0pt
* \hoffset=0.0pt
* \voffset=0.0pt
* \mag=1000
* \@twocolumnfalse
* \@twosidetrue
* \@mparswitchtrue
* \@reversemarginfalse
* (1in=72.27pt=25.4mm, 1cm=28.453pt)

) [54


] (./main.aux)
 ***********
LaTeX2e <2025-11-01>
L3 programming layer <2026-01-19>
 ***********


LaTeX Warning: There were undefined references.


LaTeX Warning: There were multiply-defined labels.

Package rerunfilecheck Info: File `main.out' has not changed.
(rerunfilecheck)             Checksum: 09A8F7A8986947D38E8EAB91D02C25B0;6676.

Package biblatex Warning: Please (re)run BibTeX on the file(s):
(biblatex)                main
(biblatex)                and rerun LaTeX afterwards.

Package logreq Info: Writing requests to 'main.run.xml'.
\openout1 = `main.run.xml'.

 ) 
Here is how much of TeX's memory you used:
 51326 strings out of 469515
 1187983 string characters out of 5470807
 2257834 words of memory out of 5000000
 79002 multiletter control sequences out of 15000+600000
 650662 words of font info for 117 fonts, out of 8000000 for 9000
 14 hyphenation exceptions out of 8191
 107i,14n,110p,1974b,2671s stack positions out of 10000i,1000n,20000p,200000b,200000s
</usr/share/texmf-dist/fonts/type1/public/amsfonts/cm/cmbx10.pfb></usr/share/texmf-dist/fonts/type1/public/amsfonts/cm/cmbx8.pfb></usr/share/texmf-dist/fonts/type1/public/amsfonts/cm/cmcsc10.pfb></usr/share/texmf-dist/fonts/type1/public/amsfonts/cm/cmex10.pfb></usr/share/texmf-dist/fonts/type1/public/amsfonts/cm/cmmi10.pfb></usr/share/texmf-dist/fonts/type1/public/amsfonts/cm/cmmi6.pfb></usr/share/texmf-dist/fonts/type1/public/amsfonts/cm/cmmi7.pfb></usr/share/texmf-dist/fonts/type1/public/amsfonts/cm/cmmi8.pfb></usr/share/texmf-dist/fonts/type1/public/amsfonts/cm/cmr10.pfb></usr/share/texmf-dist/fonts/type1/public/amsfonts/cm/cmr6.pfb></usr/share/texmf-dist/fonts/type1/public/amsfonts/cm/cmr8.pfb></usr/share/texmf-dist/fonts/type1/public/amsfonts/cm/cmss10.pfb></usr/share/texmf-dist/fonts/type1/public/amsfonts/cm/cmss17.pfb></usr/share/texmf-dist/fonts/type1/public/amsfonts/cm/cmss8.pfb></usr/share/texmf-dist/fonts/type1/public/amsfonts/cm/cmss9.pfb></usr/share/texmf-dist/fonts/type1/public/amsfonts/cm/cmssbx10.pfb></usr/share/texmf-dist/fonts/type1/public/amsfonts/cm/cmssi10.pfb></usr/share/texmf-dist/fonts/type1/public/amsfonts/cm/cmsy10.pfb></usr/share/texmf-dist/fonts/type1/public/amsfonts/cm/cmsy6.pfb></usr/share/texmf-dist/fonts/type1/public/amsfonts/cm/cmsy8.pfb></usr/share/texmf-dist/fonts/type1/public/amsfonts/cm/cmtt10.pfb></usr/share/texmf-dist/fonts/type1/public/amsfonts/cm/cmtt9.pfb></usr/share/texmf-dist/fonts/type1/public/amsfonts/symbols/msbm10.pfb>
Output written on main.pdf (62 pages, 21995821 bytes).
PDF statistics:
 1332 PDF objects out of 1440 (max. 8388607)
 927 compressed objects within 10 object streams
 275 named destinations out of 1000 (max. 500000)
 615 words of extra memory for PDF output out of 10000 (max. 10000000)

